1530006202.353690 select(7, [3], [], NULL, NULL) = 1 (in [3])
1530006202.707428 clock_gettime(0x7 /* CLOCK_??? */, {2361675, 402141514}) = 0
1530006202.707542 read(3, "\v7\270\211\265\260\252\261\210\211[\255\231\25\315\203\317\236Z\276\350\37@S\276sm\26\212\32w\232"..., 8192) = 44
1530006202.707684 getsockopt(3, SOL_TCP, TCP_NODELAY, [0], [4]) = 0
1530006202.707792 setsockopt(3, SOL_TCP, TCP_NODELAY, [1], 4) = 0
1530006202.707888 getsockname(3, {sa_family=AF_INET, sin_port=htons(39368), sin_addr=inet_addr("172.16.100.60")}, [16]) = 0
1530006202.708011 setsockopt(3, SOL_IP, IP_TOS, [8], 4) = 0
1530006202.708127 clock_gettime(0x7 /* CLOCK_??? */, {2361675, 402829727}) = 0
1530006202.708224 clock_gettime(0x7 /* CLOCK_??? */, {2361675, 402924491}) = 0
1530006202.708318 select(7, [3], [3], NULL, NULL) = 1 (out [3])
1530006202.708449 clock_gettime(0x7 /* CLOCK_??? */, {2361675, 403149879}) = 0
1530006202.708547 write(3, "\227\365\326[\343y\2o\207\321\344\360E\202\1\353]nO7\\\217i\377`<&P\327\311\235\253"..., 76) = 76
1530006202.708689 clock_gettime(0x7 /* CLOCK_??? */, {2361675, 403389064}) = 0
1530006202.708798 clock_gettime(0x7 /* CLOCK_??? */, {2361675, 403499635}) = 0
1530006202.708893 select(7, [3], [], NULL, NULL) = 1 (in [3])
1530006202.716215 clock_gettime(0x7 /* CLOCK_??? */, {2361675, 410917854}) = 0
1530006202.716316 read(3, "}\205\251\300\304\317\7x\341\246\3530p\341\3164\207\\\253r\350\230\257o\246:Kv\351\320\341\343"..., 8192) = 72
1530006202.716434 clock_gettime(0x7 /* CLOCK_??? */, {2361675, 411135341}) = 0
1530006202.716532 clock_gettime(0x7 /* CLOCK_??? */, {2361675, 411232784}) = 0
1530006202.716629 select(7, [3 4], [], NULL, NULL) = 1 (in [3])
1530006202.831758 clock_gettime(0x7 /* CLOCK_??? */, {2361675, 526466470}) = 0
1530006202.831861 read(3, "\321\27Z\251\3002\305\310>\0023\320\266\216\304\266\310\314\212\234\357\330\333\351\273\2#\312\372\4/\356"..., 8192) = 268
1530006202.831988 close(4)              = 0
1530006202.832087 clock_gettime(0x7 /* CLOCK_??? */, {2361675, 526786932}) = 0
1530006202.832177 clock_gettime(0x7 /* CLOCK_??? */, {2361675, 526875538}) = 0
1530006202.832265 select(7, [3], [5], NULL, NULL) = 1 (out [5])
1530006202.832400 clock_gettime(0x7 /* CLOCK_??? */, {2361675, 527100262}) = 0
1530006202.832491 write(5, "bash: 244ace0d791e02ad75936e4590"..., 58) = 58
1530006202.832594 clock_gettime(0x7 /* CLOCK_??? */, {2361675, 527293994}) = 0
1530006202.832683 clock_gettime(0x7 /* CLOCK_??? */, {2361675, 527381969}) = 0
1530006202.832792 close(5)              = 0
1530006202.832908 close(6)              = 0
1530006202.832997 select(7, [3], [3], NULL, NULL) = 1 (out [3])
1530006202.833093 clock_gettime(0x7 /* CLOCK_??? */, {2361675, 527792110}) = 0
1530006202.833289 write(3, "\244\30(\327\237\217#2\201\222\214/JS*\200\r\271\303\370\314\320\256\331\306\322.f\335&\215\16"..., 36) = 36
1530006202.833468 rt_sigaction(SIGWINCH, NULL, {0x7fd0759c6910, [], SA_RESTORER, 0x7fd074536250}, 8) = 0
1530006202.833594 rt_sigaction(SIGWINCH, {SIG_DFL, [], SA_RESTORER, 0x7fd074536250}, NULL, 8) = 0
1530006202.833694 write(3, "\4(c\21\203o%\203\0040\261r\367\263o\2455\237z2\"^!3\261\330\344\34\2?\16\277"..., 60) = 60
1530006202.833820 ioctl(0, SNDCTL_TMR_TIMEBASE or SNDRV_TIMER_IOCTL_NEXT_DEVICE or TCGETS, {B38400 opost isig icanon echo ...}) = 0
1530006202.833999 ioctl(1, SNDCTL_TMR_TIMEBASE or SNDRV_TIMER_IOCTL_NEXT_DEVICE or TCGETS, 0x7fff45c3cad0) = -1 ENOTTY (Inappropriate ioctl for device)
1530006202.834113 fcntl(1, F_GETFL)     = 0x8001 (flags O_WRONLY|O_LARGEFILE)
1530006202.834215 ioctl(2, SNDCTL_TMR_TIMEBASE or SNDRV_TIMER_IOCTL_NEXT_DEVICE or TCGETS, {B38400 opost isig icanon echo ...}) = 0
1530006202.834308 clock_gettime(0x7 /* CLOCK_??? */, {2361675, 529029233}) = 0
1530006202.834432 close(3)              = 0
1530006202.834645 exit_group(127)       = ?
1530006202.835054 +++ exited with 127 +++
