1530006972.847836 select(4, [3], NULL, NULL, NULL) = 1 (in [3])
1530006972.887109 read(3, "\264\272\rd\31*\243\250\363e\263_\1\251\315\3116;ne\323\216\273[k\26\257X\214\230l\346"..., 8192) = 44
1530006972.887248 write(3, "\r\275\250\317\245gu,yW]\376\367\1k\334\266\4M\217LR\365\235{\221\257\26}%\260`"..., 68) = 68
1530006972.887405 select(4, [3], NULL, NULL, NULL) = 1 (in [3])
1530006972.888920 read(3, "\207\r\313\213\261\2068j\16\10\22\314`\213H\232\0\374\257\253\312\244\217\256:\275\302\26\216i\307\201"..., 8192) = 84
1530006972.889052 write(3, "4{\"((\253[\v*\33\5\312w\202\331\351\373\7f\251\276&bT\20\245\243\363\371\27\2340"..., 372) = 372
1530006972.889166 select(4, [3], NULL, NULL, NULL) = 1 (in [3])
1530006972.896020 read(3, "\315\220\220\7=\212;\267\0\33\251\325'\332\322\3416~\331\365\253\357\232E'^\214\216\322\374\375\330"..., 8192) = 84
1530006972.896141 stat("/root/.ssh/id_dsa", 0x7ffe3b25ec20) = -1 ENOENT (No such file or directory)
1530006972.896287 stat("/root/.ssh/id_ecdsa", 0x7ffe3b25ec20) = -1 ENOENT (No such file or directory)
1530006972.896401 stat("/root/.ssh/id_ed25519", 0x7ffe3b25ec20) = -1 ENOENT (No such file or directory)
1530006972.896509 open("/dev/tty", O_RDWR) = 4
1530006972.896623 close(4)              = 0
1530006972.896721 open("/dev/tty", O_RDWR) = 4
1530006972.896813 ioctl(4, SNDCTL_TMR_TIMEBASE or SNDRV_TIMER_IOCTL_NEXT_DEVICE or TCGETS, {B38400 opost isig icanon echo ...}) = 0
1530006972.896938 ioctl(4, SNDCTL_TMR_CONTINUE or SNDRV_TIMER_IOCTL_GPARAMS or TCSETSF, {B38400 opost isig icanon -echo ...}) = 0
1530006972.897032 rt_sigaction(SIGALRM, {0x7f4ff9dec9f0, [], SA_RESTORER, 0x7f4ff8905250}, {SIG_DFL, [], 0}, 8) = 0
1530006972.897143 rt_sigaction(SIGHUP, {0x7f4ff9dec9f0, [], SA_RESTORER, 0x7f4ff8905250}, {SIG_DFL, [], 0}, 8) = 0
1530006972.897235 rt_sigaction(SIGINT, {0x7f4ff9dec9f0, [], SA_RESTORER, 0x7f4ff8905250}, {SIG_DFL, [], 0}, 8) = 0
1530006972.897341 rt_sigaction(SIGPIPE, {0x7f4ff9dec9f0, [], SA_RESTORER, 0x7f4ff8905250}, {SIG_IGN, [], 0}, 8) = 0
1530006972.897442 rt_sigaction(SIGQUIT, {0x7f4ff9dec9f0, [], SA_RESTORER, 0x7f4ff8905250}, {SIG_DFL, [], 0}, 8) = 0
1530006972.897532 rt_sigaction(SIGTERM, {0x7f4ff9dec9f0, [], SA_RESTORER, 0x7f4ff8905250}, {SIG_DFL, [], 0}, 8) = 0
1530006972.897622 rt_sigaction(SIGTSTP, {0x7f4ff9dec9f0, [], SA_RESTORER, 0x7f4ff8905250}, {SIG_DFL, [], 0}, 8) = 0
1530006972.897711 rt_sigaction(SIGTTIN, {0x7f4ff9dec9f0, [], SA_RESTORER, 0x7f4ff8905250}, {SIG_DFL, [], 0}, 8) = 0
1530006972.897800 rt_sigaction(SIGTTOU, {0x7f4ff9dec9f0, [], SA_RESTORER, 0x7f4ff8905250}, {SIG_DFL, [], 0}, 8) = 0
1530006972.897889 write(4, "lihongxing@172.16.100.61's passw"..., 37) = 37
1530006972.898012 read(4, "1", 1)       = 1
1530006972.898101 read(4, "2", 1)       = 1
1530006972.898185 read(4, "3", 1)       = 1
1530006972.898268 read(4, "4", 1)       = 1
1530006972.898356 read(4, "5", 1)       = 1
1530006972.898446 read(4, "6", 1)       = 1
1530006972.898529 read(4, "\n", 1)      = 1
1530006972.898614 write(4, "\n", 1)     = 1
1530006972.898705 ioctl(4, SNDCTL_TMR_CONTINUE or SNDRV_TIMER_IOCTL_GPARAMS or TCSETSF, {B38400 opost isig icanon echo ...}) = 0
1530006972.898795 rt_sigaction(SIGALRM, {SIG_DFL, [], SA_RESTORER, 0x7f4ff8905250}, NULL, 8) = 0
1530006972.898882 rt_sigaction(SIGHUP, {SIG_DFL, [], SA_RESTORER, 0x7f4ff8905250}, NULL, 8) = 0
1530006972.898967 rt_sigaction(SIGINT, {SIG_DFL, [], SA_RESTORER, 0x7f4ff8905250}, NULL, 8) = 0
1530006972.899051 rt_sigaction(SIGQUIT, {SIG_DFL, [], SA_RESTORER, 0x7f4ff8905250}, NULL, 8) = 0
1530006972.899136 rt_sigaction(SIGPIPE, {SIG_IGN, [], SA_RESTORER, 0x7f4ff8905250}, NULL, 8) = 0
1530006972.899220 rt_sigaction(SIGTERM, {SIG_DFL, [], SA_RESTORER, 0x7f4ff8905250}, NULL, 8) = 0
1530006972.899303 rt_sigaction(SIGTSTP, {SIG_DFL, [], SA_RESTORER, 0x7f4ff8905250}, NULL, 8) = 0
1530006972.899404 rt_sigaction(SIGTTIN, {SIG_DFL, [], SA_RESTORER, 0x7f4ff8905250}, NULL, 8) = 0
1530006972.899489 rt_sigaction(SIGTTOU, {SIG_DFL, [], SA_RESTORER, 0x7f4ff8905250}, NULL, 8) = 0
1530006972.899572 close(4)              = 0
1530006972.899672 write(3, "\231\33\277FTI\375\361\6zV\242\nD\362\327\5y\300E\306-\\\211(a9\336\7\200\336t"..., 148) = 148
1530006972.899817 select(4, [3], NULL, NULL, NULL) = 1 (in [3])
1530006972.943980 read(3, "\261\253.\213\226\265\24\30\335`\353\fR\264\317]\235\354\240c\351\"\213{s\214\3469", 8192) = 28
1530006972.944124 dup(0)                = 4
1530006972.944216 dup(1)                = 5
1530006972.944305 dup(2)                = 6
1530006972.944411 ioctl(4, SNDCTL_TMR_TIMEBASE or SNDRV_TIMER_IOCTL_NEXT_DEVICE or TCGETS, {B38400 opost isig icanon echo ...}) = 0
1530006972.944512 ioctl(5, SNDCTL_TMR_TIMEBASE or SNDRV_TIMER_IOCTL_NEXT_DEVICE or TCGETS, {B38400 opost isig icanon echo ...}) = 0
1530006972.944608 ioctl(6, SNDCTL_TMR_TIMEBASE or SNDRV_TIMER_IOCTL_NEXT_DEVICE or TCGETS, {B38400 opost isig icanon echo ...}) = 0
1530006972.944709 fcntl(4, F_SETFD, FD_CLOEXEC) = 0
1530006972.944800 fcntl(5, F_SETFD, FD_CLOEXEC) = 0
1530006972.944889 fcntl(6, F_SETFD, FD_CLOEXEC) = 0
1530006972.945003 rt_sigaction(SIGHUP, NULL, {SIG_DFL, [], SA_RESTORER, 0x7f4ff8905250}, 8) = 0
1530006972.945099 rt_sigaction(SIGHUP, {SIG_IGN, [], SA_RESTORER, 0x7f4ff8905250}, NULL, 8) = 0
1530006972.945192 rt_sigaction(SIGHUP, NULL, {SIG_IGN, [], SA_RESTORER, 0x7f4ff8905250}, 8) = 0
1530006972.945283 rt_sigaction(SIGHUP, {0x7f4ff9d95910, [], SA_RESTORER, 0x7f4ff8905250}, NULL, 8) = 0
1530006972.945380 rt_sigaction(SIGINT, NULL, {SIG_DFL, [], SA_RESTORER, 0x7f4ff8905250}, 8) = 0
1530006972.945472 rt_sigaction(SIGINT, {SIG_IGN, [], SA_RESTORER, 0x7f4ff8905250}, NULL, 8) = 0
1530006972.945564 rt_sigaction(SIGINT, NULL, {SIG_IGN, [], SA_RESTORER, 0x7f4ff8905250}, 8) = 0
1530006972.945654 rt_sigaction(SIGINT, {0x7f4ff9d95910, [], SA_RESTORER, 0x7f4ff8905250}, NULL, 8) = 0
1530006972.945748 rt_sigaction(SIGQUIT, NULL, {SIG_DFL, [], SA_RESTORER, 0x7f4ff8905250}, 8) = 0
1530006972.945841 rt_sigaction(SIGQUIT, {SIG_IGN, [], SA_RESTORER, 0x7f4ff8905250}, NULL, 8) = 0
1530006972.945934 rt_sigaction(SIGQUIT, NULL, {SIG_IGN, [], SA_RESTORER, 0x7f4ff8905250}, 8) = 0
1530006972.946027 rt_sigaction(SIGQUIT, {0x7f4ff9d95910, [], SA_RESTORER, 0x7f4ff8905250}, NULL, 8) = 0
1530006972.946120 rt_sigaction(SIGTERM, NULL, {SIG_DFL, [], SA_RESTORER, 0x7f4ff8905250}, 8) = 0
1530006972.946211 rt_sigaction(SIGTERM, {SIG_IGN, [], SA_RESTORER, 0x7f4ff8905250}, NULL, 8) = 0
1530006972.946302 rt_sigaction(SIGTERM, NULL, {SIG_IGN, [], SA_RESTORER, 0x7f4ff8905250}, 8) = 0
1530006972.946401 rt_sigaction(SIGTERM, {0x7f4ff9d95910, [], SA_RESTORER, 0x7f4ff8905250}, NULL, 8) = 0
1530006972.946489 rt_sigaction(SIGWINCH, NULL, {SIG_DFL, [], 0}, 8) = 0
1530006972.946577 rt_sigaction(SIGWINCH, {0x7f4ff9d95ba0, [], SA_RESTORER, 0x7f4ff8905250}, NULL, 8) = 0
1530006972.946665 ioctl(0, SNDCTL_TMR_TIMEBASE or SNDRV_TIMER_IOCTL_NEXT_DEVICE or TCGETS, {B38400 opost isig icanon echo ...}) = 0
1530006972.946756 ioctl(0, SNDCTL_TMR_STOP or SNDRV_TIMER_IOCTL_GINFO or TCSETSW, {B38400 -opost -isig -icanon -echo ...}) = 0
1530006972.946865 clock_gettime(0x7 /* CLOCK_??? */, {2362445, 641571762}) = 0
1530006972.946968 clock_gettime(0x7 /* CLOCK_??? */, {2362445, 641668549}) = 0
1530006972.947058 select(7, [3], [3], NULL, NULL) = 1 (out [3])
1530006972.947158 clock_gettime(0x7 /* CLOCK_??? */, {2362445, 641857789}) = 0
1530006972.947256 write(3, "\376\343#A\7C\305\217'\33\6l\314\202MU\v\277\367\335\223\375}OC@+\3316\214\226Y"..., 112) = 112
1530006972.947491 clock_gettime(0x7 /* CLOCK_??? */, {2362445, 642223279}) = 0
1530006972.947627 clock_gettime(0x7 /* CLOCK_??? */, {2362445, 642325495}) = 0
1530006972.947721 select(7, [3], [], NULL, NULL) = 1 (in [3])
1530006973.281565 clock_gettime(0x7 /* CLOCK_??? */, {2362445, 976273087}) = 0
1530006973.281676 read(3, "\324\326\243\266\2b&\30^\250\230)\"\303\223\332\3\364k\266\33IT[m\365\325vuq\f\31"..., 8192) = 44
1530006973.281816 getsockopt(3, SOL_TCP, TCP_NODELAY, [0], [4]) = 0
1530006973.281929 setsockopt(3, SOL_TCP, TCP_NODELAY, [1], 4) = 0
1530006973.282027 getsockname(3, {sa_family=AF_INET, sin_port=htons(39600), sin_addr=inet_addr("172.16.100.60")}, [16]) = 0
1530006973.282154 setsockopt(3, SOL_IP, IP_TOS, [16], 4) = 0
1530006973.282272 ioctl(0, TIOCGWINSZ, {ws_row=21, ws_col=96, ws_xpixel=0, ws_ypixel=0}) = 0
1530006973.282460 clock_gettime(0x7 /* CLOCK_??? */, {2362445, 977163582}) = 0
1530006973.282559 clock_gettime(0x7 /* CLOCK_??? */, {2362445, 977259563}) = 0
1530006973.282655 select(7, [3], [3], NULL, NULL) = 1 (out [3])
1530006973.282764 clock_gettime(0x7 /* CLOCK_??? */, {2362445, 977465088}) = 0
1530006973.282866 write(3, "\323\224\223t\203<\201`l%.+\210\270\376 \363h\217w\302\374-\257\20\227\272C\301~a\212"..., 376) = 376
1530006973.283016 clock_gettime(0x7 /* CLOCK_??? */, {2362445, 977717465}) = 0
1530006973.283111 clock_gettime(0x7 /* CLOCK_??? */, {2362445, 977804149}) = 0
1530006973.283200 select(7, [3], [], NULL, NULL) = 1 (in [3])
1530006973.292766 clock_gettime(0x7 /* CLOCK_??? */, {2362445, 987468528}) = 0
1530006973.292865 read(3, "[\237\356\273\303b?. \346K\303\311!V\241W\306\30t\300\373\217.\260\335\35\311\332\355,\23"..., 8192) = 200
1530006973.293013 clock_gettime(0x7 /* CLOCK_??? */, {2362445, 987713936}) = 0
1530006973.293108 clock_gettime(0x7 /* CLOCK_??? */, {2362445, 987808974}) = 0
1530006973.293204 select(7, [3 4], [5], NULL, NULL) = 1 (out [5])
1530006973.293311 clock_gettime(0x7 /* CLOCK_??? */, {2362445, 988012577}) = 0
1530006973.293397 write(5, "Last login: Tue Jun 26 17:55:48 "..., 58) = 58
1530006973.293575 clock_gettime(0x7 /* CLOCK_??? */, {2362445, 988280912}) = 0
1530006973.293676 clock_gettime(0x7 /* CLOCK_??? */, {2362445, 988376884}) = 0
1530006973.293772 select(7, [3 4], [], NULL, NULL) = 1 (in [3])
1530006973.515350 clock_gettime(0x7 /* CLOCK_??? */, {2362446, 210058219}) = 0
1530006973.515462 read(3, "\207\0101z\252\366\300`\242\31\2114\244\322{\252`\220'\265\362\373\331\242T\332O\251<\211\375_"..., 8192) = 100
1530006973.515580 clock_gettime(0x7 /* CLOCK_??? */, {2362446, 210278542}) = 0
1530006973.515671 clock_gettime(0x7 /* CLOCK_??? */, {2362446, 210374046}) = 0
1530006973.515772 select(7, [3 4], [5], NULL, NULL) = 1 (out [5])
1530006973.515877 clock_gettime(0x7 /* CLOCK_??? */, {2362446, 210574997}) = 0
1530006973.515968 write(5, "\33]0;lihongxing@#hadoop2:~\7\33[?103"..., 59) = 59
1530006973.516186 clock_gettime(0x7 /* CLOCK_??? */, {2362446, 210923432}) = 0
1530006973.516441 clock_gettime(0x7 /* CLOCK_??? */, {2362446, 211172117}) = 0
1530006973.516621 select(7, [3 4], [], NULL, NULL) = 1 (in [4])
1530006979.324552 clock_gettime(0x7 /* CLOCK_??? */, {2362452, 19256404}) = 0
1530006979.324657 read(4, "l", 16384)   = 1
1530006979.324794 clock_gettime(0x7 /* CLOCK_??? */, {2362452, 19493387}) = 0
1530006979.324887 clock_gettime(0x7 /* CLOCK_??? */, {2362452, 19585306}) = 0
1530006979.324980 select(7, [3 4], [3], NULL, NULL) = 1 (out [3])
1530006979.325084 clock_gettime(0x7 /* CLOCK_??? */, {2362452, 19781872}) = 0
1530006979.325174 write(3, "6\321aLL\23\337\20\251\372\27\334Fx\260C\354\264\333\353\304\251\32\7\277\263\375\177K\324\277c"..., 36) = 36
1530006979.325356 clock_gettime(0x7 /* CLOCK_??? */, {2362452, 20054912}) = 0
1530006979.325450 clock_gettime(0x7 /* CLOCK_??? */, {2362452, 20149960}) = 0
1530006979.325543 select(7, [3 4], [], NULL, NULL) = 1 (in [3])
1530006979.325953 clock_gettime(0x7 /* CLOCK_??? */, {2362452, 20658894}) = 0
1530006979.326060 read(3, "_\346K\0\204\372\236\246:\207\325M\346\200\207d\233\260/o\303\246\4\222\251\366JU\"\37&\376"..., 8192) = 36
1530006979.326179 clock_gettime(0x7 /* CLOCK_??? */, {2362452, 20880551}) = 0
1530006979.326276 clock_gettime(0x7 /* CLOCK_??? */, {2362452, 20976557}) = 0
1530006979.326400 select(7, [3 4], [5], NULL, NULL) = 1 (out [5])
1530006979.326508 clock_gettime(0x7 /* CLOCK_??? */, {2362452, 21208582}) = 0
1530006979.326601 write(5, "l", 1)      = 1
1530006979.326744 clock_gettime(0x7 /* CLOCK_??? */, {2362452, 21448028}) = 0
1530006979.326844 clock_gettime(0x7 /* CLOCK_??? */, {2362452, 21544467}) = 0
1530006979.326940 select(7, [3 4], [], NULL, NULL) = 1 (in [4])
1530006979.419921 clock_gettime(0x7 /* CLOCK_??? */, {2362452, 114625275}) = 0
1530006979.420024 read(4, "s", 16384)   = 1
1530006979.420173 clock_gettime(0x7 /* CLOCK_??? */, {2362452, 114872403}) = 0
1530006979.420264 clock_gettime(0x7 /* CLOCK_??? */, {2362452, 114961526}) = 0
1530006979.420354 select(7, [3 4], [3], NULL, NULL) = 1 (out [3])
1530006979.420454 clock_gettime(0x7 /* CLOCK_??? */, {2362452, 115151740}) = 0
1530006979.420542 write(3, "\17\331\6\265\2\345+\346R\231\306\346\303\33\351\16U\333J\6\247\301n\243\345\231\370\320\32\316\207\327"..., 36) = 36
1530006979.420725 clock_gettime(0x7 /* CLOCK_??? */, {2362452, 115424447}) = 0
1530006979.420817 clock_gettime(0x7 /* CLOCK_??? */, {2362452, 115514925}) = 0
1530006979.420907 select(7, [3 4], [], NULL, NULL) = 1 (in [3])
1530006979.421146 clock_gettime(0x7 /* CLOCK_??? */, {2362452, 115851110}) = 0
1530006979.421247 read(3, "\32\276\336\205\346\313\337n/Ou:\1\224.eW\365N\5d\345\5t\377\2103\206a\220\301\232"..., 8192) = 36
1530006979.421384 clock_gettime(0x7 /* CLOCK_??? */, {2362452, 116093147}) = 0
1530006979.421487 clock_gettime(0x7 /* CLOCK_??? */, {2362452, 116186282}) = 0
1530006979.421576 select(7, [3 4], [5], NULL, NULL) = 1 (out [5])
1530006979.421676 clock_gettime(0x7 /* CLOCK_??? */, {2362452, 116374794}) = 0
1530006979.421764 write(5, "s", 1)      = 1
1530006979.421905 clock_gettime(0x7 /* CLOCK_??? */, {2362452, 116609701}) = 0
1530006979.422003 clock_gettime(0x7 /* CLOCK_??? */, {2362452, 116703673}) = 0
1530006979.422095 select(7, [3 4], [], NULL, NULL) = 1 (in [4])
1530006979.536267 clock_gettime(0x7 /* CLOCK_??? */, {2362452, 230969846}) = 0
1530006979.536395 read(4, "\r", 16384)  = 1
1530006979.536514 clock_gettime(0x7 /* CLOCK_??? */, {2362452, 231212631}) = 0
1530006979.536607 clock_gettime(0x7 /* CLOCK_??? */, {2362452, 231305132}) = 0
1530006979.536699 select(7, [3 4], [3], NULL, NULL) = 1 (out [3])
1530006979.536805 clock_gettime(0x7 /* CLOCK_??? */, {2362452, 231503396}) = 0
1530006979.536897 write(3, "\227\314ap.\241s\221\30o\222\237\271\217\347\7_\302\3773iR\352\343\7\6\34b\251p^*"..., 36) = 36
1530006979.537072 clock_gettime(0x7 /* CLOCK_??? */, {2362452, 231770303}) = 0
1530006979.537166 clock_gettime(0x7 /* CLOCK_??? */, {2362452, 231863822}) = 0
1530006979.537259 select(7, [3 4], [], NULL, NULL) = 1 (in [3])
1530006979.539830 clock_gettime(0x7 /* CLOCK_??? */, {2362452, 234534461}) = 0
1530006979.539942 read(3, "\332\31{f\v\3PG\300\35\334\232\344\10u\366\205n*6U\25\326\334\33\225\212\351m\177*."..., 8192) = 36
1530006979.540069 clock_gettime(0x7 /* CLOCK_??? */, {2362452, 234768677}) = 0
1530006979.540171 clock_gettime(0x7 /* CLOCK_??? */, {2362452, 234876082}) = 0
1530006979.540277 select(7, [3 4], [5], NULL, NULL) = 1 (out [5])
1530006979.540395 clock_gettime(0x7 /* CLOCK_??? */, {2362452, 235095259}) = 0
1530006979.540491 write(5, "\r\n", 2)   = 2
1530006979.540679 clock_gettime(0x7 /* CLOCK_??? */, {2362452, 235381472}) = 0
1530006979.540781 clock_gettime(0x7 /* CLOCK_??? */, {2362452, 235481090}) = 0
1530006979.540877 select(7, [3 4], [], NULL, NULL) = 1 (in [3])
1530006979.543353 clock_gettime(0x7 /* CLOCK_??? */, {2362452, 238057298}) = 0
1530006979.543454 read(3, "K\367w\240\243\315@V\267\7/O-]9\226\7\2376\370\341&3\371\372s>\362\267\363\314\333"..., 8192) = 60
1530006979.543620 clock_gettime(0x7 /* CLOCK_??? */, {2362452, 238321070}) = 0
1530006979.543718 clock_gettime(0x7 /* CLOCK_??? */, {2362452, 238422445}) = 0
1530006979.543813 select(7, [3 4], [5], NULL, NULL) = 2 (in [3], out [5])
1530006979.543920 clock_gettime(0x7 /* CLOCK_??? */, {2362452, 238620558}) = 0
1530006979.544017 write(5, "\33[0m\33[01;34mperl5\33[0m\r\n", 23) = 23
1530006979.544193 read(3, "\202\212\346\226\230=\24\326\354\303H\20\0\22Y\322\237\214[\252\0360\321={\321\20E\375OY\300"..., 8192) = 92
1530006979.544307 clock_gettime(0x7 /* CLOCK_??? */, {2362452, 239009384}) = 0
1530006979.544413 clock_gettime(0x7 /* CLOCK_??? */, {2362452, 239113578}) = 0
1530006979.544510 select(7, [3 4], [5], NULL, NULL) = 1 (out [5])
1530006979.544617 clock_gettime(0x7 /* CLOCK_??? */, {2362452, 239317204}) = 0
1530006979.544713 write(5, "\33]0;lihongxing@#hadoop2:~\7[lihon"..., 51) = 51
1530006979.544905 clock_gettime(0x7 /* CLOCK_??? */, {2362452, 239608173}) = 0
1530006979.545006 clock_gettime(0x7 /* CLOCK_??? */, {2362452, 239706510}) = 0
1530006979.545101 select(7, [3 4], [], NULL, NULL) = 1 (in [4])
1530006982.183288 clock_gettime(0x7 /* CLOCK_??? */, {2362454, 877993065}) = 0
1530006982.183413 read(4, "i", 16384)   = 1
1530006982.183535 clock_gettime(0x7 /* CLOCK_??? */, {2362454, 878233962}) = 0
1530006982.183625 clock_gettime(0x7 /* CLOCK_??? */, {2362454, 878323249}) = 0
1530006982.183714 select(7, [3 4], [3], NULL, NULL) = 1 (out [3])
1530006982.183817 clock_gettime(0x7 /* CLOCK_??? */, {2362454, 878516974}) = 0
1530006982.183908 write(3, "\340\2242:\367F\2^\312\2106\0203\361w\213a\226c\203\352K\300\200\357\333\36\302\371-\375\272"..., 36) = 36
1530006982.184058 clock_gettime(0x7 /* CLOCK_??? */, {2362454, 878756800}) = 0
1530006982.184150 clock_gettime(0x7 /* CLOCK_??? */, {2362454, 878848653}) = 0
1530006982.184240 select(7, [3 4], [], NULL, NULL) = 1 (in [3])
1530006982.184799 clock_gettime(0x7 /* CLOCK_??? */, {2362454, 879501271}) = 0
1530006982.184897 read(3, "d\275\2404a\324%@\7,\275\354s\235\312r\\U_\342\374\nl\301\10\360MSi\252\351V"..., 8192) = 36
1530006982.185006 clock_gettime(0x7 /* CLOCK_??? */, {2362454, 879704607}) = 0
1530006982.185093 clock_gettime(0x7 /* CLOCK_??? */, {2362454, 879791735}) = 0
1530006982.185180 select(7, [3 4], [5], NULL, NULL) = 1 (out [5])
1530006982.185278 clock_gettime(0x7 /* CLOCK_??? */, {2362454, 879965685}) = 0
1530006982.185315 write(5, "i", 1)      = 1
1530006982.185506 clock_gettime(0x7 /* CLOCK_??? */, {2362454, 880216199}) = 0
1530006982.185619 clock_gettime(0x7 /* CLOCK_??? */, {2362454, 880317449}) = 0
1530006982.185705 select(7, [3 4], [], NULL, NULL) = 1 (in [4])
1530006982.308384 clock_gettime(0x7 /* CLOCK_??? */, {2362455, 3087963}) = 0
1530006982.308486 read(4, "f", 16384)   = 1
1530006982.308602 clock_gettime(0x7 /* CLOCK_??? */, {2362455, 3300994}) = 0
1530006982.308695 clock_gettime(0x7 /* CLOCK_??? */, {2362455, 3393585}) = 0
1530006982.308787 select(7, [3 4], [3], NULL, NULL) = 1 (out [3])
1530006982.308888 clock_gettime(0x7 /* CLOCK_??? */, {2362455, 3587207}) = 0
1530006982.308979 write(3, "\350\206\333z`\330\347ty=dn\6\376\220\375\366x\350\177t?\217.]Z\231a\362b\342\341"..., 36) = 36
1530006982.309107 clock_gettime(0x7 /* CLOCK_??? */, {2362455, 3804826}) = 0
1530006982.309197 clock_gettime(0x7 /* CLOCK_??? */, {2362455, 3894830}) = 0
1530006982.309285 select(7, [3 4], [], NULL, NULL) = 1 (in [3])
1530006982.309664 clock_gettime(0x7 /* CLOCK_??? */, {2362455, 4368461}) = 0
1530006982.309766 read(3, "\225\304\270\270\226\307\311dn\213\363p\366\200:\3372\305\302\211=\253L\v\7\22\312\215x\204\5<"..., 8192) = 36
1530006982.309880 clock_gettime(0x7 /* CLOCK_??? */, {2362455, 4578942}) = 0
1530006982.309971 clock_gettime(0x7 /* CLOCK_??? */, {2362455, 4670345}) = 0
1530006982.310062 select(7, [3 4], [5], NULL, NULL) = 1 (out [5])
1530006982.310164 clock_gettime(0x7 /* CLOCK_??? */, {2362455, 4862389}) = 0
1530006982.310253 write(5, "f", 1)      = 1
1530006982.310421 clock_gettime(0x7 /* CLOCK_??? */, {2362455, 5124719}) = 0
1530006982.310518 clock_gettime(0x7 /* CLOCK_??? */, {2362455, 5217471}) = 0
1530006982.310610 select(7, [3 4], [], NULL, NULL) = 1 (in [4])
1530006982.514932 clock_gettime(0x7 /* CLOCK_??? */, {2362455, 209634602}) = 0
1530006982.515032 read(4, "c", 16384)   = 1
1530006982.515149 clock_gettime(0x7 /* CLOCK_??? */, {2362455, 209849529}) = 0
1530006982.515241 clock_gettime(0x7 /* CLOCK_??? */, {2362455, 209940017}) = 0
1530006982.515353 select(7, [3 4], [3], NULL, NULL) = 1 (out [3])
1530006982.515454 clock_gettime(0x7 /* CLOCK_??? */, {2362455, 210151616}) = 0
1530006982.515539 write(3, "\276\1S.\24*l\311\3\223;G\335\247\364\354R`_\310\356\203\3bq\273\217e\270\307\277\202"..., 36) = 36
1530006982.515678 clock_gettime(0x7 /* CLOCK_??? */, {2362455, 210375423}) = 0
1530006982.515927 clock_gettime(0x7 /* CLOCK_??? */, {2362455, 210626925}) = 0
1530006982.516073 select(7, [3 4], [], NULL, NULL) = 1 (in [3])
1530006982.516218 clock_gettime(0x7 /* CLOCK_??? */, {2362455, 210918387}) = 0
1530006982.516311 read(3, "O\33\336\\\366Y\v\36?\303\324]\340\f\243\303i\267\3574\356\337\305\275\vQ\222\305S,.\360"..., 8192) = 36
1530006982.516432 clock_gettime(0x7 /* CLOCK_??? */, {2362455, 211131408}) = 0
1530006982.516523 clock_gettime(0x7 /* CLOCK_??? */, {2362455, 211222044}) = 0
1530006982.516613 select(7, [3 4], [5], NULL, NULL) = 1 (out [5])
1530006982.516711 clock_gettime(0x7 /* CLOCK_??? */, {2362455, 211409391}) = 0
1530006982.516801 write(5, "c", 1)      = 1
1530006982.516985 clock_gettime(0x7 /* CLOCK_??? */, {2362455, 211687465}) = 0
1530006982.517082 clock_gettime(0x7 /* CLOCK_??? */, {2362455, 211781537}) = 0
1530006982.517172 select(7, [3 4], [], NULL, NULL) = 1 (in [4])
1530006982.571981 clock_gettime(0x7 /* CLOCK_??? */, {2362455, 266684407}) = 0
1530006982.572082 read(4, "o", 16384)   = 1
1530006982.572194 clock_gettime(0x7 /* CLOCK_??? */, {2362455, 266893737}) = 0
1530006982.572284 clock_gettime(0x7 /* CLOCK_??? */, {2362455, 266982596}) = 0
1530006982.572397 select(7, [3 4], [3], NULL, NULL) = 1 (out [3])
1530006982.572497 clock_gettime(0x7 /* CLOCK_??? */, {2362455, 267195698}) = 0
1530006982.572585 write(3, "0\373\260%*\276%\27\21\342\344y\364\264|\306-X\251\334\315\376\237\300\367G\230_\316c\346\352"..., 36) = 36
1530006982.572762 clock_gettime(0x7 /* CLOCK_??? */, {2362455, 267462538}) = 0
1530006982.572856 clock_gettime(0x7 /* CLOCK_??? */, {2362455, 267555155}) = 0
1530006982.572946 select(7, [3 4], [], NULL, NULL) = 1 (in [3])
1530006982.573236 clock_gettime(0x7 /* CLOCK_??? */, {2362455, 267937209}) = 0
1530006982.573345 read(3, "5\327\271\363\225\3451<?\271\10\205G\266\357hrS>\3624\267\234\350\36\362\230\313\372\4\373%"..., 8192) = 36
1530006982.573460 clock_gettime(0x7 /* CLOCK_??? */, {2362455, 268158983}) = 0
1530006982.573566 clock_gettime(0x7 /* CLOCK_??? */, {2362455, 268264329}) = 0
1530006982.573655 select(7, [3 4], [5], NULL, NULL) = 1 (out [5])
1530006982.573755 clock_gettime(0x7 /* CLOCK_??? */, {2362455, 268453389}) = 0
1530006982.573845 write(5, "o", 1)      = 1
1530006982.574047 clock_gettime(0x7 /* CLOCK_??? */, {2362455, 268747461}) = 0
1530006982.574142 clock_gettime(0x7 /* CLOCK_??? */, {2362455, 268840635}) = 0
1530006982.574232 select(7, [3 4], [], NULL, NULL) = 1 (in [4])
1530006982.722372 clock_gettime(0x7 /* CLOCK_??? */, {2362455, 417064920}) = 0
1530006982.722419 read(4, "n", 16384)   = 1
1530006982.722480 clock_gettime(0x7 /* CLOCK_??? */, {2362455, 417166615}) = 0
1530006982.722515 clock_gettime(0x7 /* CLOCK_??? */, {2362455, 417200457}) = 0
1530006982.722550 select(7, [3 4], [3], NULL, NULL) = 1 (out [3])
1530006982.722593 clock_gettime(0x7 /* CLOCK_??? */, {2362455, 417278946}) = 0
1530006982.722627 write(3, "\346\242\343\24\226\223o\3\355\22>\317t\233\330\24p\373^\177\23^\243\241\366\240L\35\327%\244'"..., 36) = 36
1530006982.722716 clock_gettime(0x7 /* CLOCK_??? */, {2362455, 417402065}) = 0
1530006982.722751 clock_gettime(0x7 /* CLOCK_??? */, {2362455, 417436221}) = 0
1530006982.722784 select(7, [3 4], [], NULL, NULL) = 1 (in [3])
1530006982.723130 clock_gettime(0x7 /* CLOCK_??? */, {2362455, 417816126}) = 0
1530006982.723164 read(3, "A\324\245i{!\305a\227\10Px\222\300b\324\336_\232\20g{\263I\302\377\7\16\202\352$Q"..., 8192) = 36
1530006982.723214 clock_gettime(0x7 /* CLOCK_??? */, {2362455, 417899963}) = 0
1530006982.723247 clock_gettime(0x7 /* CLOCK_??? */, {2362455, 417932755}) = 0
1530006982.723280 select(7, [3 4], [5], NULL, NULL) = 1 (out [5])
1530006982.723320 clock_gettime(0x7 /* CLOCK_??? */, {2362455, 418030462}) = 0
1530006982.723385 write(5, "n", 1)      = 1
1530006982.723425 clock_gettime(0x7 /* CLOCK_??? */, {2362455, 418110738}) = 0
1530006982.723459 clock_gettime(0x7 /* CLOCK_??? */, {2362455, 418144324}) = 0
1530006982.723492 select(7, [3 4], [], NULL, NULL) = 1 (in [4])
1530006982.870135 clock_gettime(0x7 /* CLOCK_??? */, {2362455, 564837030}) = 0
1530006982.870232 read(4, "f", 16384)   = 1
1530006982.870366 clock_gettime(0x7 /* CLOCK_??? */, {2362455, 565063726}) = 0
1530006982.870547 clock_gettime(0x7 /* CLOCK_??? */, {2362455, 565246846}) = 0
1530006982.870637 select(7, [3 4], [3], NULL, NULL) = 1 (out [3])
1530006982.870734 clock_gettime(0x7 /* CLOCK_??? */, {2362455, 565431210}) = 0
1530006982.870818 write(3, "o\320\313`\4\25C\222\211\377`\214\265\37\321go\217$\211\305\255\333\340-J\255\266V\343\260K"..., 36) = 36
1530006982.870950 clock_gettime(0x7 /* CLOCK_??? */, {2362455, 565646283}) = 0
1530006982.871032 clock_gettime(0x7 /* CLOCK_??? */, {2362455, 565727945}) = 0
1530006982.871113 select(7, [3 4], [], NULL, NULL) = 1 (in [3])
1530006982.871492 clock_gettime(0x7 /* CLOCK_??? */, {2362455, 566191033}) = 0
1530006982.871580 read(3, "\337\271\331\234W\2\242\3111\r\2249\364\242C\334s\340\352aO\2645\245\203\376\351\234V\220\322~"..., 8192) = 36
1530006982.871685 clock_gettime(0x7 /* CLOCK_??? */, {2362455, 566383242}) = 0
1530006982.871774 clock_gettime(0x7 /* CLOCK_??? */, {2362455, 566472550}) = 0
1530006982.871862 select(7, [3 4], [5], NULL, NULL) = 1 (out [5])
1530006982.871959 clock_gettime(0x7 /* CLOCK_??? */, {2362455, 566657685}) = 0
1530006982.872047 write(5, "f", 1)      = 1
1530006982.872240 clock_gettime(0x7 /* CLOCK_??? */, {2362455, 566941448}) = 0
1530006982.872335 clock_gettime(0x7 /* CLOCK_??? */, {2362455, 567039632}) = 0
1530006982.872521 select(7, [3 4], [], NULL, NULL) = 1 (in [4])
1530006982.906155 clock_gettime(0x7 /* CLOCK_??? */, {2362455, 600856286}) = 0
1530006982.906254 read(4, "i", 16384)   = 1
1530006982.906380 clock_gettime(0x7 /* CLOCK_??? */, {2362455, 601081562}) = 0
1530006982.906475 clock_gettime(0x7 /* CLOCK_??? */, {2362455, 601175084}) = 0
1530006982.906568 select(7, [3 4], [3], NULL, NULL) = 1 (out [3])
1530006982.906672 clock_gettime(0x7 /* CLOCK_??? */, {2362455, 601370721}) = 0
1530006982.906764 write(3, "\230\342\3267p\377^\241\314\327{Ktn\204Q\314A8\315\313\364R)\273u\222\335\200DJ\351"..., 36) = 36
1530006982.906926 clock_gettime(0x7 /* CLOCK_??? */, {2362455, 601624997}) = 0
1530006982.907021 clock_gettime(0x7 /* CLOCK_??? */, {2362455, 601720110}) = 0
1530006982.907113 select(7, [3 4], [], NULL, NULL) = 1 (in [3])
1530006982.907312 clock_gettime(0x7 /* CLOCK_??? */, {2362455, 602012944}) = 0
1530006982.907475 read(3, "\322\3420\317}h\27\241\350\232\343\211\254\334$\3771\260v\320\0372^\222\352K\317\361\32]\251\270"..., 8192) = 36
1530006982.907669 clock_gettime(0x7 /* CLOCK_??? */, {2362455, 602389405}) = 0
1530006982.907855 clock_gettime(0x7 /* CLOCK_??? */, {2362455, 602571069}) = 0
1530006982.907980 select(7, [3 4], [5], NULL, NULL) = 1 (out [5])
1530006982.908090 clock_gettime(0x7 /* CLOCK_??? */, {2362455, 602788899}) = 0
1530006982.908181 write(5, "i", 1)      = 1
1530006982.908390 clock_gettime(0x7 /* CLOCK_??? */, {2362455, 603099397}) = 0
1530006982.908496 clock_gettime(0x7 /* CLOCK_??? */, {2362455, 603194463}) = 0
1530006982.908587 select(7, [3 4], [], NULL, NULL) = 1 (in [4])
1530006982.992231 clock_gettime(0x7 /* CLOCK_??? */, {2362455, 686934265}) = 0
1530006982.992350 read(4, "g", 16384)   = 1
1530006982.992464 clock_gettime(0x7 /* CLOCK_??? */, {2362455, 687162981}) = 0
1530006982.992555 clock_gettime(0x7 /* CLOCK_??? */, {2362455, 687253666}) = 0
1530006982.992644 select(7, [3 4], [3], NULL, NULL) = 1 (out [3])
1530006982.992743 clock_gettime(0x7 /* CLOCK_??? */, {2362455, 687442135}) = 0
1530006982.992833 write(3, "\33188\360\222\32\303\30\6\244\230\365\2560\31\251\311d\4T\347Z\357\336\343%2\222y#\4\350"..., 36) = 36
1530006982.992973 clock_gettime(0x7 /* CLOCK_??? */, {2362455, 687673421}) = 0
1530006982.993065 clock_gettime(0x7 /* CLOCK_??? */, {2362455, 687764089}) = 0
1530006982.993155 select(7, [3 4], [], NULL, NULL) = 1 (in [3])
1530006982.993515 clock_gettime(0x7 /* CLOCK_??? */, {2362455, 688218887}) = 0
1530006982.993616 read(3, "MI\374z\313\300\361\\\0\267\302\316\241\224&_7wd\330Y*\236\27\221\307\2625E\352\25\226"..., 8192) = 36
1530006982.993728 clock_gettime(0x7 /* CLOCK_??? */, {2362455, 688428118}) = 0
1530006982.993821 clock_gettime(0x7 /* CLOCK_??? */, {2362455, 688520555}) = 0
1530006982.993914 select(7, [3 4], [5], NULL, NULL) = 1 (out [5])
1530006982.994044 clock_gettime(0x7 /* CLOCK_??? */, {2362455, 688743584}) = 0
1530006982.994136 write(5, "g", 1)      = 1
1530006982.994276 clock_gettime(0x7 /* CLOCK_??? */, {2362455, 688978973}) = 0
1530006982.994408 clock_gettime(0x7 /* CLOCK_??? */, {2362455, 689108191}) = 0
1530006982.994501 select(7, [3 4], [], NULL, NULL) = 1 (in [4])
1530006983.129653 clock_gettime(0x7 /* CLOCK_??? */, {2362455, 824356031}) = 0
1530006983.129752 read(4, "\r", 16384)  = 1
1530006983.129863 clock_gettime(0x7 /* CLOCK_??? */, {2362455, 824562681}) = 0
1530006983.129953 clock_gettime(0x7 /* CLOCK_??? */, {2362455, 824651782}) = 0
1530006983.130043 select(7, [3 4], [3], NULL, NULL) = 1 (out [3])
1530006983.130142 clock_gettime(0x7 /* CLOCK_??? */, {2362455, 824840377}) = 0
1530006983.130229 write(3, "\7\276\300>\342\217\307\270\22\354\24:\367\34\31\366\362k!\312\214\7h\177\240\331\241\30FZ\31\363"..., 36) = 36
1530006983.130365 clock_gettime(0x7 /* CLOCK_??? */, {2362455, 825069290}) = 0
1530006983.130462 clock_gettime(0x7 /* CLOCK_??? */, {2362455, 825159798}) = 0
1530006983.130548 select(7, [3 4], [], NULL, NULL) = 1 (in [3])
1530006983.131958 clock_gettime(0x7 /* CLOCK_??? */, {2362455, 826662091}) = 0
1530006983.132072 read(3, "|N\306a\0\257\353w\354H\356`\203\256\30\225\212\202\252\203h\367)% )\340\270Ka\0\215"..., 8192) = 36
1530006983.132228 clock_gettime(0x7 /* CLOCK_??? */, {2362455, 826928753}) = 0
1530006983.132323 clock_gettime(0x7 /* CLOCK_??? */, {2362455, 827053552}) = 0
1530006983.132448 select(7, [3 4], [5], NULL, NULL) = 1 (out [5])
1530006983.132549 clock_gettime(0x7 /* CLOCK_??? */, {2362455, 827248289}) = 0
1530006983.132640 write(5, "\r\n", 2)   = 2
1530006983.132777 clock_gettime(0x7 /* CLOCK_??? */, {2362455, 827482337}) = 0
1530006983.132929 clock_gettime(0x7 /* CLOCK_??? */, {2362455, 827628080}) = 0
1530006983.133018 select(7, [3 4], [], NULL, NULL) = 1 (in [3])
1530006983.224547 clock_gettime(0x7 /* CLOCK_??? */, {2362455, 919258463}) = 0
1530006983.224661 read(3, "\305\205\247\21GC\362@\34\341}\361\200Ba1\344\345\1\2336\311%V\3349n\25\314\35\274\317"..., 8192) = 4868
1530006983.224894 clock_gettime(0x7 /* CLOCK_??? */, {2362455, 919606621}) = 0
1530006983.225017 clock_gettime(0x7 /* CLOCK_??? */, {2362455, 919728445}) = 0
1530006983.225121 select(7, [3 4], [5], NULL, NULL) = 1 (out [5])
1530006983.225227 clock_gettime(0x7 /* CLOCK_??? */, {2362455, 919938744}) = 0
1530006983.225334 write(5, "docker0: flags=4163<UP,BROADCAST"..., 4749) = 4749
1530006983.225567 clock_gettime(0x7 /* CLOCK_??? */, {2362455, 920257710}) = 0
1530006983.225620 clock_gettime(0x7 /* CLOCK_??? */, {2362455, 920329748}) = 0
1530006983.225746 select(7, [3 4], [], NULL, NULL) = 1 (in [4])
1530006983.930922 clock_gettime(0x7 /* CLOCK_??? */, {2362456, 625627696}) = 0
1530006983.931028 read(4, "p", 16384)   = 1
1530006983.931157 clock_gettime(0x7 /* CLOCK_??? */, {2362456, 625857503}) = 0
1530006983.931250 clock_gettime(0x7 /* CLOCK_??? */, {2362456, 625950023}) = 0
1530006983.931355 select(7, [3 4], [3], NULL, NULL) = 1 (out [3])
1530006983.931460 clock_gettime(0x7 /* CLOCK_??? */, {2362456, 626159477}) = 0
1530006983.931552 write(3, "\272.r\237$z\275\222\244|k\342\316\314\357\33N\243\"\252)\22\212\366=\6\257\1g\217\272\333"..., 36) = 36
1530006983.931706 clock_gettime(0x7 /* CLOCK_??? */, {2362456, 626407144}) = 0
1530006983.931800 clock_gettime(0x7 /* CLOCK_??? */, {2362456, 626499602}) = 0
1530006983.931890 select(7, [3 4], [], NULL, NULL) = 1 (in [3])
1530006983.932112 clock_gettime(0x7 /* CLOCK_??? */, {2362456, 626811084}) = 0
1530006983.932204 read(3, "\337s\305\275\\\376\225\267i\210\325\322\254/7\263\\2\262s.\232H\376\370\n\210\375\213\177XZ"..., 8192) = 36
1530006983.932313 clock_gettime(0x7 /* CLOCK_??? */, {2362456, 627015739}) = 0
1530006983.932409 clock_gettime(0x7 /* CLOCK_??? */, {2362456, 627107475}) = 0
1530006983.932498 select(7, [3 4], [5], NULL, NULL) = 1 (out [5])
1530006983.932596 clock_gettime(0x7 /* CLOCK_??? */, {2362456, 627294525}) = 0
1530006983.932854 write(5, "p", 1)      = 1
1530006983.933084 clock_gettime(0x7 /* CLOCK_??? */, {2362456, 627785456}) = 0
1530006983.933180 clock_gettime(0x7 /* CLOCK_??? */, {2362456, 627879165}) = 0
1530006983.933269 select(7, [3 4], [], NULL, NULL) = 1 (in [4])
1530006984.023666 clock_gettime(0x7 /* CLOCK_??? */, {2362456, 718382421}) = 0
1530006984.023797 read(4, "w", 16384)   = 1
1530006984.023916 clock_gettime(0x7 /* CLOCK_??? */, {2362456, 718615742}) = 0
1530006984.024011 clock_gettime(0x7 /* CLOCK_??? */, {2362456, 718709906}) = 0
1530006984.024104 select(7, [3 4], [3], NULL, NULL) = 1 (out [3])
1530006984.024210 clock_gettime(0x7 /* CLOCK_??? */, {2362456, 718908196}) = 0
1530006984.024302 write(3, "\2c\326>0g\234\376\"\210\335\366\337'\222\304\v\205\320\371$B0[7\333A\r\233L\307\201"..., 36) = 36
1530006984.024461 clock_gettime(0x7 /* CLOCK_??? */, {2362456, 719160809}) = 0
1530006984.024555 clock_gettime(0x7 /* CLOCK_??? */, {2362456, 719252892}) = 0
1530006984.024645 select(7, [3 4], [], NULL, NULL) = 1 (in [3])
1530006984.024970 clock_gettime(0x7 /* CLOCK_??? */, {2362456, 719676281}) = 0
1530006984.025074 read(3, "]\276\210\254\272\6d%HMJ\33\336 \361\312m\275\n2\37\"_\36\343\307\230\347S1a\324"..., 8192) = 36
1530006984.025188 clock_gettime(0x7 /* CLOCK_??? */, {2362456, 719889522}) = 0
1530006984.025282 clock_gettime(0x7 /* CLOCK_??? */, {2362456, 719982017}) = 0
1530006984.025415 select(7, [3 4], [5], NULL, NULL) = 1 (out [5])
1530006984.025522 clock_gettime(0x7 /* CLOCK_??? */, {2362456, 720221778}) = 0
1530006984.025613 write(5, "w", 1)      = 1
1530006984.025770 clock_gettime(0x7 /* CLOCK_??? */, {2362456, 720474679}) = 0
1530006984.025869 clock_gettime(0x7 /* CLOCK_??? */, {2362456, 720570160}) = 0
1530006984.025963 select(7, [3 4], [], NULL, NULL) = 1 (in [4])
1530006984.275816 clock_gettime(0x7 /* CLOCK_??? */, {2362456, 970519770}) = 0
1530006984.275920 read(4, "d", 16384)   = 1
1530006984.276038 clock_gettime(0x7 /* CLOCK_??? */, {2362456, 970737180}) = 0
1530006984.276130 clock_gettime(0x7 /* CLOCK_??? */, {2362456, 970828459}) = 0
1530006984.276221 select(7, [3 4], [3], NULL, NULL) = 1 (out [3])
1530006984.276322 clock_gettime(0x7 /* CLOCK_??? */, {2362456, 971039421}) = 0
1530006984.276430 write(3, "\262\275\203\332p\363\371t'r\332`7G=\315\2374\337\265\16\206\303\232?.\335\25H\v#\316"..., 36) = 36
1530006984.276607 clock_gettime(0x7 /* CLOCK_??? */, {2362456, 971301676}) = 0
1530006984.276698 clock_gettime(0x7 /* CLOCK_??? */, {2362456, 971396389}) = 0
1530006984.276789 select(7, [3 4], [], NULL, NULL) = 1 (in [3])
1530006984.277175 clock_gettime(0x7 /* CLOCK_??? */, {2362456, 971878136}) = 0
1530006984.277275 read(3, "\210\247\370\326Kq\356\205\3465uE\357+\363\324L\300\245\7\376\252\37SF\266\31|?,R\362"..., 8192) = 36
1530006984.277423 clock_gettime(0x7 /* CLOCK_??? */, {2362456, 972123521}) = 0
1530006984.277517 clock_gettime(0x7 /* CLOCK_??? */, {2362456, 972215641}) = 0
1530006984.277608 select(7, [3 4], [5], NULL, NULL) = 1 (out [5])
1530006984.277709 clock_gettime(0x7 /* CLOCK_??? */, {2362456, 972407143}) = 0
1530006984.277800 write(5, "d", 1)      = 1
1530006984.277969 clock_gettime(0x7 /* CLOCK_??? */, {2362456, 972672452}) = 0
1530006984.278066 clock_gettime(0x7 /* CLOCK_??? */, {2362456, 972765082}) = 0
1530006984.278158 select(7, [3 4], [], NULL, NULL) = 1 (in [4])
1530006984.427446 clock_gettime(0x7 /* CLOCK_??? */, {2362457, 122135068}) = 0
1530006984.427488 read(4, "\r", 16384)  = 1
1530006984.427543 clock_gettime(0x7 /* CLOCK_??? */, {2362457, 122229528}) = 0
1530006984.427578 clock_gettime(0x7 /* CLOCK_??? */, {2362457, 122263808}) = 0
1530006984.427612 select(7, [3 4], [3], NULL, NULL) = 1 (out [3])
1530006984.427656 clock_gettime(0x7 /* CLOCK_??? */, {2362457, 122341638}) = 0
1530006984.427690 write(3, "\213!\335\250\202]\336\21\370w\ty\373\322\310:\241\344\257\264\377\364\233\326\377\253\365R\240\35\362'"..., 36) = 36
1530006984.427774 clock_gettime(0x7 /* CLOCK_??? */, {2362457, 122459849}) = 0
1530006984.427809 clock_gettime(0x7 /* CLOCK_??? */, {2362457, 122494786}) = 0
1530006984.427842 select(7, [3 4], [], NULL, NULL) = 1 (in [3])
1530006984.428697 clock_gettime(0x7 /* CLOCK_??? */, {2362457, 123383379}) = 0
1530006984.428743 read(3, "\350\352\372w\325V\247@\312\340\2229r\201\32uD\317\375*'8\360\256O|\340\265R\331\1\274"..., 8192) = 108
1530006984.428796 clock_gettime(0x7 /* CLOCK_??? */, {2362457, 123482043}) = 0
1530006984.428830 clock_gettime(0x7 /* CLOCK_??? */, {2362457, 123515292}) = 0
1530006984.428863 select(7, [3 4], [5], NULL, NULL) = 1 (out [5])
1530006984.428905 clock_gettime(0x7 /* CLOCK_??? */, {2362457, 123590162}) = 0
1530006984.428937 write(5, "\r\n/home/lihongxing\r\n\33]0;lihongxi"..., 71) = 71
1530006984.428978 clock_gettime(0x7 /* CLOCK_??? */, {2362457, 123663124}) = 0
1530006984.429011 clock_gettime(0x7 /* CLOCK_??? */, {2362457, 123695982}) = 0
1530006984.429056 select(7, [3 4], [], NULL, NULL) = 1 (in [4])
1530006986.412239 clock_gettime(0x7 /* CLOCK_??? */, {2362459, 106942623}) = 0
1530006986.412346 read(4, "e", 16384)   = 1
1530006986.412469 clock_gettime(0x7 /* CLOCK_??? */, {2362459, 107169717}) = 0
1530006986.412561 clock_gettime(0x7 /* CLOCK_??? */, {2362459, 107259537}) = 0
1530006986.412651 select(7, [3 4], [3], NULL, NULL) = 1 (out [3])
1530006986.412751 clock_gettime(0x7 /* CLOCK_??? */, {2362459, 107450466}) = 0
1530006986.412843 write(3, "\325\343-p9\275\356\207$\37\321QYB@\260\306\24G\177\6\363\273\346\vO\22S\37\241\231\372"..., 36) = 36
1530006986.412974 clock_gettime(0x7 /* CLOCK_??? */, {2362459, 107672014}) = 0
1530006986.413067 clock_gettime(0x7 /* CLOCK_??? */, {2362459, 107765449}) = 0
1530006986.413156 select(7, [3 4], [], NULL, NULL) = 1 (in [3])
1530006986.413612 clock_gettime(0x7 /* CLOCK_??? */, {2362459, 108314443}) = 0
1530006986.413711 read(3, "\335u\20\276\332\222\375d\271\316\207\17\266\10\t\235\330\371m\16\243\305\250L@\202\311\314t\252l!"..., 8192) = 36
1530006986.413850 clock_gettime(0x7 /* CLOCK_??? */, {2362459, 108550544}) = 0
1530006986.413944 clock_gettime(0x7 /* CLOCK_??? */, {2362459, 108644103}) = 0
1530006986.414036 select(7, [3 4], [5], NULL, NULL) = 1 (out [5])
1530006986.414139 clock_gettime(0x7 /* CLOCK_??? */, {2362459, 108837475}) = 0
1530006986.414228 write(5, "e", 1)      = 1
1530006986.414418 clock_gettime(0x7 /* CLOCK_??? */, {2362459, 109121848}) = 0
1530006986.414515 clock_gettime(0x7 /* CLOCK_??? */, {2362459, 109213765}) = 0
1530006986.414605 select(7, [3 4], [], NULL, NULL) = 1 (in [4])
1530006986.684355 clock_gettime(0x7 /* CLOCK_??? */, {2362459, 379056980}) = 0
1530006986.684475 read(4, "x", 16384)   = 1
1530006986.684630 clock_gettime(0x7 /* CLOCK_??? */, {2362459, 379344751}) = 0
1530006986.684742 clock_gettime(0x7 /* CLOCK_??? */, {2362459, 379443589}) = 0
1530006986.684838 select(7, [3 4], [3], NULL, NULL) = 1 (out [3])
1530006986.684940 clock_gettime(0x7 /* CLOCK_??? */, {2362459, 379638685}) = 0
1530006986.685030 write(3, "H\375\260!\344%8\325\22\220U\210\6 R\10\315\206D%`\361\315W\242|\300gCJl\237"..., 36) = 36
1530006986.685215 clock_gettime(0x7 /* CLOCK_??? */, {2362459, 379914393}) = 0
1530006986.685307 clock_gettime(0x7 /* CLOCK_??? */, {2362459, 380006916}) = 0
1530006986.685392 select(7, [3 4], [], NULL, NULL) = 1 (in [3])
1530006986.685747 clock_gettime(0x7 /* CLOCK_??? */, {2362459, 380452168}) = 0
1530006986.685855 read(3, "\202J\24\211\232I\337\360!*^\264g\20,\34\277\333\3\203\337\10\32\371\356`\234\231H\200\370\204"..., 8192) = 36
1530006986.685970 clock_gettime(0x7 /* CLOCK_??? */, {2362459, 380672984}) = 0
1530006986.686065 clock_gettime(0x7 /* CLOCK_??? */, {2362459, 380764003}) = 0
1530006986.686153 select(7, [3 4], [5], NULL, NULL) = 1 (out [5])
1530006986.686263 clock_gettime(0x7 /* CLOCK_??? */, {2362459, 380961555}) = 0
1530006986.686351 write(5, "x", 1)      = 1
1530006986.686577 clock_gettime(0x7 /* CLOCK_??? */, {2362459, 381276515}) = 0
1530006986.686672 clock_gettime(0x7 /* CLOCK_??? */, {2362459, 381369847}) = 0
1530006986.686762 select(7, [3 4], [], NULL, NULL) = 1 (in [4])
1530006986.797712 clock_gettime(0x7 /* CLOCK_??? */, {2362459, 492416907}) = 0
1530006986.797818 read(4, "i", 16384)   = 1
1530006986.797966 clock_gettime(0x7 /* CLOCK_??? */, {2362459, 492667844}) = 0
1530006986.798063 clock_gettime(0x7 /* CLOCK_??? */, {2362459, 492762001}) = 0
1530006986.798155 select(7, [3 4], [3], NULL, NULL) = 1 (out [3])
1530006986.798258 clock_gettime(0x7 /* CLOCK_??? */, {2362459, 492957825}) = 0
1530006986.798354 write(3, "e\346\3064]O\215\246c\260\250\207\34Km\317)\347\356\271\225\277Mv\337\274\352\350\277F\246\260"..., 36) = 36
1530006986.798495 clock_gettime(0x7 /* CLOCK_??? */, {2362459, 493192541}) = 0
1530006986.798586 clock_gettime(0x7 /* CLOCK_??? */, {2362459, 493284521}) = 0
1530006986.798676 select(7, [3 4], [], NULL, NULL) = 1 (in [3])
1530006986.799025 clock_gettime(0x7 /* CLOCK_??? */, {2362459, 493726945}) = 0
1530006986.799122 read(3, "\245\276R\327\324\vi\21\t\355\203G\304\301\f\0011\"\16r\334\6/`om\260\365\235R\255g"..., 8192) = 36
1530006986.799232 clock_gettime(0x7 /* CLOCK_??? */, {2362459, 493930738}) = 0
1530006986.799323 clock_gettime(0x7 /* CLOCK_??? */, {2362459, 494048836}) = 0
1530006986.799444 select(7, [3 4], [5], NULL, NULL) = 1 (out [5])
1530006986.799547 clock_gettime(0x7 /* CLOCK_??? */, {2362459, 494246098}) = 0
1530006986.799637 write(5, "i", 1)      = 1
1530006986.799820 clock_gettime(0x7 /* CLOCK_??? */, {2362459, 494521272}) = 0
1530006986.799919 clock_gettime(0x7 /* CLOCK_??? */, {2362459, 494618214}) = 0
1530006986.800011 select(7, [3 4], [], NULL, NULL) = 1 (in [4])
1530006986.939129 clock_gettime(0x7 /* CLOCK_??? */, {2362459, 633833981}) = 0
1530006986.939234 read(4, "t", 16384)   = 1
1530006986.939380 clock_gettime(0x7 /* CLOCK_??? */, {2362459, 634079914}) = 0
1530006986.939477 clock_gettime(0x7 /* CLOCK_??? */, {2362459, 634175225}) = 0
1530006986.939570 select(7, [3 4], [3], NULL, NULL) = 1 (out [3])
1530006986.939673 clock_gettime(0x7 /* CLOCK_??? */, {2362459, 634371423}) = 0
1530006986.939765 write(3, "\322\227\241}\331\206\333qx\6S\240\21\351\30s\205\315\244\267\16~\235\217\223F\210\320\303\1E\246"..., 36) = 36
1530006986.939897 clock_gettime(0x7 /* CLOCK_??? */, {2362459, 634595543}) = 0
1530006986.939993 clock_gettime(0x7 /* CLOCK_??? */, {2362459, 634692566}) = 0
1530006986.940128 select(7, [3 4], [], NULL, NULL) = 1 (in [3])
1530006986.940458 clock_gettime(0x7 /* CLOCK_??? */, {2362459, 635161441}) = 0
1530006986.940561 read(3, "\n& u\376\303\232\3309\\\256\315$^\330XUu\264]\215\244\211,U\307Q\312V\320\t5"..., 8192) = 36
1530006986.940675 clock_gettime(0x7 /* CLOCK_??? */, {2362459, 635373991}) = 0
1530006986.940768 clock_gettime(0x7 /* CLOCK_??? */, {2362459, 635467163}) = 0
1530006986.940862 select(7, [3 4], [5], NULL, NULL) = 1 (out [5])
1530006986.940967 clock_gettime(0x7 /* CLOCK_??? */, {2362459, 635665970}) = 0
1530006986.941059 write(5, "t", 1)      = 1
1530006986.941248 clock_gettime(0x7 /* CLOCK_??? */, {2362459, 635949677}) = 0
1530006986.941373 clock_gettime(0x7 /* CLOCK_??? */, {2362459, 636076904}) = 0
1530006986.941473 select(7, [3 4], [], NULL, NULL) = 1 (in [4])
1530006987.071002 clock_gettime(0x7 /* CLOCK_??? */, {2362459, 765705444}) = 0
1530006987.071102 read(4, "\r", 16384)  = 1
1530006987.071214 clock_gettime(0x7 /* CLOCK_??? */, {2362459, 765914492}) = 0
1530006987.071306 clock_gettime(0x7 /* CLOCK_??? */, {2362459, 766005565}) = 0
1530006987.071398 select(7, [3 4], [3], NULL, NULL) = 1 (out [3])
1530006987.071497 clock_gettime(0x7 /* CLOCK_??? */, {2362459, 766195339}) = 0
1530006987.071586 write(3, "\252\234\tza\314G=\257x\2466\241\3738uV\200{x9\326#\326\301\335T\247N\241,\231"..., 36) = 36
1530006987.071714 clock_gettime(0x7 /* CLOCK_??? */, {2362459, 766412045}) = 0
1530006987.071804 clock_gettime(0x7 /* CLOCK_??? */, {2362459, 766503073}) = 0
1530006987.071893 select(7, [3 4], [], NULL, NULL) = 1 (in [3])
1530006987.073647 clock_gettime(0x7 /* CLOCK_??? */, {2362459, 768351734}) = 0
1530006987.073750 read(3, "\216\316`\370\30\32\371\0203\245=\0\214^\215\7\335\225`\7\371\307\234\321\33(\316p\216\220\255\202"..., 8192) = 220
1530006987.073868 close(4)              = 0
1530006987.073967 clock_gettime(0x7 /* CLOCK_??? */, {2362459, 768685546}) = 0
1530006987.074079 clock_gettime(0x7 /* CLOCK_??? */, {2362459, 768778107}) = 0
1530006987.074169 select(7, [3], [5], NULL, NULL) = 1 (out [5])
1530006987.074268 clock_gettime(0x7 /* CLOCK_??? */, {2362459, 768966312}) = 0
1530006987.074357 write(5, "\r\n\347\231\273\345\207\272\r\n", 10) = 10
1530006987.074499 clock_gettime(0x7 /* CLOCK_??? */, {2362459, 769202393}) = 0
1530006987.074595 clock_gettime(0x7 /* CLOCK_??? */, {2362459, 769293032}) = 0
1530006987.074686 close(5)              = 0
1530006987.074772 ioctl(0, SNDCTL_TMR_STOP or SNDRV_TIMER_IOCTL_GINFO or TCSETSW, {B38400 opost isig icanon echo ...}) = 0
1530006987.074900 close(6)              = 0
1530006987.074991 select(7, [3], [3], NULL, NULL) = 1 (out [3])
1530006987.075087 clock_gettime(0x7 /* CLOCK_??? */, {2362459, 769785540}) = 0
1530006987.075175 write(3, "\220:\251\330\370\315\256tu^\32!*\261k\235Qgo\244?/\3362\251\\\262E\335\227\r\n"..., 36) = 36
1530006987.075305 rt_sigaction(SIGWINCH, NULL, {0x7f4ff9d95ba0, [], SA_RESTORER, 0x7f4ff8905250}, 8) = 0
1530006987.075410 rt_sigaction(SIGWINCH, {SIG_DFL, [], SA_RESTORER, 0x7f4ff8905250}, NULL, 8) = 0
1530006987.075508 write(3, "\347\343g\343\262\206\177\320\3509\376_\24\302\312\315rf\346F*QH\363\267\362xW\354\10\203~"..., 60) = 60
1530006987.075633 ioctl(0, SNDCTL_TMR_TIMEBASE or SNDRV_TIMER_IOCTL_NEXT_DEVICE or TCGETS, {B38400 opost isig icanon echo ...}) = 0
1530006987.075735 ioctl(1, SNDCTL_TMR_TIMEBASE or SNDRV_TIMER_IOCTL_NEXT_DEVICE or TCGETS, {B38400 opost isig icanon echo ...}) = 0
1530006987.075831 ioctl(2, SNDCTL_TMR_TIMEBASE or SNDRV_TIMER_IOCTL_NEXT_DEVICE or TCGETS, {B38400 opost isig icanon echo ...}) = 0
1530006987.075926 write(2, "Connection to 172.16.100.61 clos"..., 37) = 37
1530006987.076063 shutdown(3, SHUT_RDWR) = 0
1530006987.076188 close(3)              = 0
1530006987.076403 exit_group(0)         = ?
1530006987.076836 +++ exited with 0 +++
