1530007394.688691 select(4, [3], NULL, NULL, NULL) = 1 (in [3])
1530007394.715038 read(3, "|[wQ\210\203\4\311\210\377\216\242\324Y\216`\373h<\324Y\33W\177\340?L\304\243C\304D"..., 8192) = 44
1530007394.715177 write(3, "\356\315\305\336\236\270\326M\231\375\351\233\t\342\330\271\353\31\"@e\255Y\330\317\212~\307\334\271%\300"..., 68) = 68
1530007394.715351 select(4, [3], NULL, NULL, NULL) = 1 (in [3])
1530007394.716917 read(3, "\327\207!\323zI\354\2000)~x?\255\346ft\301Q\313\307n+1\351N)\334\313\274\216>"..., 8192) = 84
1530007394.717043 write(3, "*O\216\325zP`\234\21\221\334\223!\321\rB\3\357CB\23Inx\n\272\224\325\3\236<\372"..., 372) = 372
1530007394.717187 select(4, [3], NULL, NULL, NULL) = 1 (in [3])
1530007394.724159 read(3, "s7\7v\323\307lI -^\235\r\261\205n\256\347\203\360]A\251i\6\232\254\310\rj\212\200"..., 8192) = 84
1530007394.724281 stat("/root/.ssh/id_dsa", 0x7ffc0cd74630) = -1 ENOENT (No such file or directory)
1530007394.724449 stat("/root/.ssh/id_ecdsa", 0x7ffc0cd74630) = -1 ENOENT (No such file or directory)
1530007394.724544 stat("/root/.ssh/id_ed25519", 0x7ffc0cd74630) = -1 ENOENT (No such file or directory)
1530007394.724645 open("/dev/tty", O_RDWR) = 4
1530007394.724755 close(4)              = 0
1530007394.724854 open("/dev/tty", O_RDWR) = 4
1530007394.724946 ioctl(4, SNDCTL_TMR_TIMEBASE or SNDRV_TIMER_IOCTL_NEXT_DEVICE or TCGETS, {B38400 opost isig icanon echo ...}) = 0
1530007394.725067 ioctl(4, SNDCTL_TMR_CONTINUE or SNDRV_TIMER_IOCTL_GPARAMS or TCSETSF, {B38400 opost isig icanon -echo ...}) = 0
1530007394.725160 rt_sigaction(SIGALRM, {0x7f680ec9f9f0, [], SA_RESTORER, 0x7f680d7b8250}, {SIG_DFL, [], 0}, 8) = 0
1530007394.725383 rt_sigaction(SIGHUP, {0x7f680ec9f9f0, [], SA_RESTORER, 0x7f680d7b8250}, {SIG_DFL, [], 0}, 8) = 0
1530007394.725482 rt_sigaction(SIGINT, {0x7f680ec9f9f0, [], SA_RESTORER, 0x7f680d7b8250}, {SIG_DFL, [], 0}, 8) = 0
1530007394.725573 rt_sigaction(SIGPIPE, {0x7f680ec9f9f0, [], SA_RESTORER, 0x7f680d7b8250}, {SIG_IGN, [], 0}, 8) = 0
1530007394.725662 rt_sigaction(SIGQUIT, {0x7f680ec9f9f0, [], SA_RESTORER, 0x7f680d7b8250}, {SIG_DFL, [], 0}, 8) = 0
1530007394.725751 rt_sigaction(SIGTERM, {0x7f680ec9f9f0, [], SA_RESTORER, 0x7f680d7b8250}, {SIG_DFL, [], 0}, 8) = 0
1530007394.725842 rt_sigaction(SIGTSTP, {0x7f680ec9f9f0, [], SA_RESTORER, 0x7f680d7b8250}, {SIG_DFL, [], 0}, 8) = 0
1530007394.725934 rt_sigaction(SIGTTIN, {0x7f680ec9f9f0, [], SA_RESTORER, 0x7f680d7b8250}, {SIG_DFL, [], 0}, 8) = 0
1530007394.726024 rt_sigaction(SIGTTOU, {0x7f680ec9f9f0, [], SA_RESTORER, 0x7f680d7b8250}, {SIG_DFL, [], 0}, 8) = 0
1530007394.726115 write(4, "lihongxing@172.16.100.61's passw"..., 37) = 37
1530007394.726215 read(4, "1", 1)       = 1
1530007394.726366 read(4, "2", 1)       = 1
1530007394.726460 read(4, "3", 1)       = 1
1530007394.726548 read(4, "4", 1)       = 1
1530007394.726634 read(4, "5", 1)       = 1
1530007394.726720 read(4, "6", 1)       = 1
1530007394.726807 read(4, "\n", 1)      = 1
1530007394.726892 write(4, "\n", 1)     = 1
1530007394.726998 ioctl(4, SNDCTL_TMR_CONTINUE or SNDRV_TIMER_IOCTL_GPARAMS or TCSETSF, {B38400 opost isig icanon echo ...}) = 0
1530007394.727090 rt_sigaction(SIGALRM, {SIG_DFL, [], SA_RESTORER, 0x7f680d7b8250}, NULL, 8) = 0
1530007394.727176 rt_sigaction(SIGHUP, {SIG_DFL, [], SA_RESTORER, 0x7f680d7b8250}, NULL, 8) = 0
1530007394.727261 rt_sigaction(SIGINT, {SIG_DFL, [], SA_RESTORER, 0x7f680d7b8250}, NULL, 8) = 0
1530007394.727426 rt_sigaction(SIGQUIT, {SIG_DFL, [], SA_RESTORER, 0x7f680d7b8250}, NULL, 8) = 0
1530007394.727523 rt_sigaction(SIGPIPE, {SIG_IGN, [], SA_RESTORER, 0x7f680d7b8250}, NULL, 8) = 0
1530007394.727608 rt_sigaction(SIGTERM, {SIG_DFL, [], SA_RESTORER, 0x7f680d7b8250}, NULL, 8) = 0
1530007394.727692 rt_sigaction(SIGTSTP, {SIG_DFL, [], SA_RESTORER, 0x7f680d7b8250}, NULL, 8) = 0
1530007394.727785 rt_sigaction(SIGTTIN, {SIG_DFL, [], SA_RESTORER, 0x7f680d7b8250}, NULL, 8) = 0
1530007394.727870 rt_sigaction(SIGTTOU, {SIG_DFL, [], SA_RESTORER, 0x7f680d7b8250}, NULL, 8) = 0
1530007394.727957 close(4)              = 0
1530007394.728061 write(3, "\351J\220\222\271\3\304\302*\225\344)F\315\214\344\322\v)\315\217\6\235\267#Q\257A\262\241\266\361"..., 148) = 148
1530007394.728229 select(4, [3], NULL, NULL, NULL) = 1 (in [3])
1530007394.772748 read(3, "\346m\235\26\336\36\312\275M\270\306\306O\213\377\262\306EM\243\332U\307=\254\236\17\371", 8192) = 28
1530007394.772887 dup(0)                = 4
1530007394.772977 dup(1)                = 5
1530007394.773063 dup(2)                = 6
1530007394.773149 ioctl(4, SNDCTL_TMR_TIMEBASE or SNDRV_TIMER_IOCTL_NEXT_DEVICE or TCGETS, {B38400 opost isig icanon echo ...}) = 0
1530007394.773249 ioctl(5, SNDCTL_TMR_TIMEBASE or SNDRV_TIMER_IOCTL_NEXT_DEVICE or TCGETS, {B38400 opost isig icanon echo ...}) = 0
1530007394.773353 ioctl(6, SNDCTL_TMR_TIMEBASE or SNDRV_TIMER_IOCTL_NEXT_DEVICE or TCGETS, {B38400 opost isig icanon echo ...}) = 0
1530007394.773490 fcntl(4, F_SETFD, FD_CLOEXEC) = 0
1530007394.773582 fcntl(5, F_SETFD, FD_CLOEXEC) = 0
1530007394.773669 fcntl(6, F_SETFD, FD_CLOEXEC) = 0
1530007394.773786 rt_sigaction(SIGHUP, NULL, {SIG_DFL, [], SA_RESTORER, 0x7f680d7b8250}, 8) = 0
1530007394.773884 rt_sigaction(SIGHUP, {SIG_IGN, [], SA_RESTORER, 0x7f680d7b8250}, NULL, 8) = 0
1530007394.773978 rt_sigaction(SIGHUP, NULL, {SIG_IGN, [], SA_RESTORER, 0x7f680d7b8250}, 8) = 0
1530007394.774071 rt_sigaction(SIGHUP, {0x7f680ec48910, [], SA_RESTORER, 0x7f680d7b8250}, NULL, 8) = 0
1530007394.774164 rt_sigaction(SIGINT, NULL, {SIG_DFL, [], SA_RESTORER, 0x7f680d7b8250}, 8) = 0
1530007394.774256 rt_sigaction(SIGINT, {SIG_IGN, [], SA_RESTORER, 0x7f680d7b8250}, NULL, 8) = 0
1530007394.774368 rt_sigaction(SIGINT, NULL, {SIG_IGN, [], SA_RESTORER, 0x7f680d7b8250}, 8) = 0
1530007394.774465 rt_sigaction(SIGINT, {0x7f680ec48910, [], SA_RESTORER, 0x7f680d7b8250}, NULL, 8) = 0
1530007394.774559 rt_sigaction(SIGQUIT, NULL, {SIG_DFL, [], SA_RESTORER, 0x7f680d7b8250}, 8) = 0
1530007394.774650 rt_sigaction(SIGQUIT, {SIG_IGN, [], SA_RESTORER, 0x7f680d7b8250}, NULL, 8) = 0
1530007394.774743 rt_sigaction(SIGQUIT, NULL, {SIG_IGN, [], SA_RESTORER, 0x7f680d7b8250}, 8) = 0
1530007394.774834 rt_sigaction(SIGQUIT, {0x7f680ec48910, [], SA_RESTORER, 0x7f680d7b8250}, NULL, 8) = 0
1530007394.774925 rt_sigaction(SIGTERM, NULL, {SIG_DFL, [], SA_RESTORER, 0x7f680d7b8250}, 8) = 0
1530007394.775016 rt_sigaction(SIGTERM, {SIG_IGN, [], SA_RESTORER, 0x7f680d7b8250}, NULL, 8) = 0
1530007394.775106 rt_sigaction(SIGTERM, NULL, {SIG_IGN, [], SA_RESTORER, 0x7f680d7b8250}, 8) = 0
1530007394.775194 rt_sigaction(SIGTERM, {0x7f680ec48910, [], SA_RESTORER, 0x7f680d7b8250}, NULL, 8) = 0
1530007394.775284 rt_sigaction(SIGWINCH, NULL, {SIG_DFL, [], 0}, 8) = 0
1530007394.775467 rt_sigaction(SIGWINCH, {0x7f680ec48ba0, [], SA_RESTORER, 0x7f680d7b8250}, NULL, 8) = 0
1530007394.775571 ioctl(0, SNDCTL_TMR_TIMEBASE or SNDRV_TIMER_IOCTL_NEXT_DEVICE or TCGETS, {B38400 opost isig icanon echo ...}) = 0
1530007394.775666 ioctl(0, SNDCTL_TMR_STOP or SNDRV_TIMER_IOCTL_GINFO or TCSETSW, {B38400 -opost -isig -icanon -echo ...}) = 0
1530007394.775772 clock_gettime(0x7 /* CLOCK_??? */, {2362867, 470474905}) = 0
1530007394.775875 clock_gettime(0x7 /* CLOCK_??? */, {2362867, 470574233}) = 0
1530007394.775967 select(7, [3], [3], NULL, NULL) = 1 (out [3])
1530007394.776071 clock_gettime(0x7 /* CLOCK_??? */, {2362867, 470770108}) = 0
1530007394.776163 write(3, "\355\357\216\0370\27T\275\231\346\325\2\"\214q\264E\327\366\t\276\333\v\274 \27\342\242\313\257\312\243"..., 112) = 112
1530007394.776295 clock_gettime(0x7 /* CLOCK_??? */, {2362867, 470994181}) = 0
1530007394.776400 clock_gettime(0x7 /* CLOCK_??? */, {2362867, 471098156}) = 0
1530007394.776489 select(7, [3], [], NULL, NULL) = 1 (in [3])
1530007395.118904 clock_gettime(0x7 /* CLOCK_??? */, {2362867, 813598312}) = 0
1530007395.118954 read(3, ">6:u\256\317_\201\210\274\25;\226\322\321M0\365\273s\327\2571\37\311\321a\311\\zJi"..., 8192) = 44
1530007395.119031 getsockopt(3, SOL_TCP, TCP_NODELAY, [0], [4]) = 0
1530007395.119108 setsockopt(3, SOL_TCP, TCP_NODELAY, [1], 4) = 0
1530007395.119148 getsockname(3, {sa_family=AF_INET, sin_port=htons(39720), sin_addr=inet_addr("172.16.100.60")}, [16]) = 0
1530007395.119244 setsockopt(3, SOL_IP, IP_TOS, [16], 4) = 0
1530007395.119288 ioctl(0, TIOCGWINSZ, {ws_row=21, ws_col=96, ws_xpixel=0, ws_ypixel=0}) = 0
1530007395.119402 clock_gettime(0x7 /* CLOCK_??? */, {2362867, 814103963}) = 0
1530007395.119459 clock_gettime(0x7 /* CLOCK_??? */, {2362867, 814146305}) = 0
1530007395.119499 select(7, [3], [3], NULL, NULL) = 1 (out [3])
1530007395.119548 clock_gettime(0x7 /* CLOCK_??? */, {2362867, 814235779}) = 0
1530007395.119595 write(3, "\254\36\262\2?'\3251i\326\257o!\217\345\234\341\337Q\203|\335'\356\326\301\324\216*Q\302\242"..., 376) = 376
1530007395.119747 clock_gettime(0x7 /* CLOCK_??? */, {2362867, 814435812}) = 0
1530007395.119788 clock_gettime(0x7 /* CLOCK_??? */, {2362867, 814505830}) = 0
1530007395.119863 select(7, [3], [], NULL, NULL) = 1 (in [3])
1530007395.133561 clock_gettime(0x7 /* CLOCK_??? */, {2362867, 828266621}) = 0
1530007395.133659 read(3, "\276\31\3130\305\303\233\f\6\353Qo\7\274*\323\203\270*\24B\247\10\306h\257a\240\346<\201\233"..., 8192) = 200
1530007395.133850 clock_gettime(0x7 /* CLOCK_??? */, {2362867, 828553725}) = 0
1530007395.133956 clock_gettime(0x7 /* CLOCK_??? */, {2362867, 828656381}) = 0
1530007395.134049 select(7, [3 4], [5], NULL, NULL) = 1 (out [5])
1530007395.134161 clock_gettime(0x7 /* CLOCK_??? */, {2362867, 828861202}) = 0
1530007395.134253 write(5, "Last login: Tue Jun 26 17:56:13 "..., 58) = 58
1530007395.134541 clock_gettime(0x7 /* CLOCK_??? */, {2362867, 829271469}) = 0
1530007395.134678 clock_gettime(0x7 /* CLOCK_??? */, {2362867, 829379274}) = 0
1530007395.134776 select(7, [3 4], [], NULL, NULL) = 1 (in [3])
1530007395.382731 clock_gettime(0x7 /* CLOCK_??? */, {2362868, 77435042}) = 0
1530007395.382835 read(3, "Y\1KH\210\215\245\r\360\22>K\35\263\204\245\0328\270\305n\351\373\5y\236r\31\345v\255\326"..., 8192) = 100
1530007395.382955 clock_gettime(0x7 /* CLOCK_??? */, {2362868, 77652818}) = 0
1530007395.383042 clock_gettime(0x7 /* CLOCK_??? */, {2362868, 77739015}) = 0
1530007395.383130 select(7, [3 4], [5], NULL, NULL) = 1 (out [5])
1530007395.383231 clock_gettime(0x7 /* CLOCK_??? */, {2362868, 77928435}) = 0
1530007395.383318 write(5, "\33]0;lihongxing@#hadoop2:~\7\33[?103"..., 59) = 59
1530007395.383450 clock_gettime(0x7 /* CLOCK_??? */, {2362868, 78152736}) = 0
1530007395.383511 clock_gettime(0x7 /* CLOCK_??? */, {2362868, 78196724}) = 0
1530007395.383576 select(7, [3 4], [], NULL, NULL) = 1 (in [4])
1530007397.752702 clock_gettime(0x7 /* CLOCK_??? */, {2362870, 447407389}) = 0
1530007397.752813 read(4, "e", 16384)   = 1
1530007397.752966 clock_gettime(0x7 /* CLOCK_??? */, {2362870, 447666955}) = 0
1530007397.753066 clock_gettime(0x7 /* CLOCK_??? */, {2362870, 447765369}) = 0
1530007397.753163 select(7, [3 4], [3], NULL, NULL) = 1 (out [3])
1530007397.753271 clock_gettime(0x7 /* CLOCK_??? */, {2362870, 447970574}) = 0
1530007397.753385 write(3, "\321\234\331K\276\251]\314\215\222\t\316\215`\243-\335X\235\236R\315\250=D\274o&\24\232VD"..., 36) = 36
1530007397.753536 clock_gettime(0x7 /* CLOCK_??? */, {2362870, 448235542}) = 0
1530007397.753635 clock_gettime(0x7 /* CLOCK_??? */, {2362870, 448335505}) = 0
1530007397.753732 select(7, [3 4], [], NULL, NULL) = 1 (in [3])
1530007397.754283 clock_gettime(0x7 /* CLOCK_??? */, {2362870, 448988984}) = 0
1530007397.754399 read(3, "\334\233\347\255\261\0347B\253\363$oAUk\215\313'+\3\231~\2570\1Q\0272\262Q\312\310"..., 8192) = 36
1530007397.754517 clock_gettime(0x7 /* CLOCK_??? */, {2362870, 449218030}) = 0
1530007397.754613 clock_gettime(0x7 /* CLOCK_??? */, {2362870, 449313398}) = 0
1530007397.754708 select(7, [3 4], [5], NULL, NULL) = 1 (out [5])
1530007397.754817 clock_gettime(0x7 /* CLOCK_??? */, {2362870, 449517585}) = 0
1530007397.754912 write(5, "e", 1)      = 1
1530007397.755055 clock_gettime(0x7 /* CLOCK_??? */, {2362870, 449759657}) = 0
1530007397.755154 clock_gettime(0x7 /* CLOCK_??? */, {2362870, 449854453}) = 0
1530007397.755247 select(7, [3 4], [], NULL, NULL) = 1 (in [4])
1530007398.003672 clock_gettime(0x7 /* CLOCK_??? */, {2362870, 698407305}) = 0
1530007398.003891 read(4, "x", 16384)   = 1
1530007398.004094 clock_gettime(0x7 /* CLOCK_??? */, {2362870, 698816658}) = 0
1530007398.004269 clock_gettime(0x7 /* CLOCK_??? */, {2362870, 698990019}) = 0
1530007398.004472 select(7, [3 4], [3], NULL, NULL) = 1 (out [3])
1530007398.004662 clock_gettime(0x7 /* CLOCK_??? */, {2362870, 699381547}) = 0
1530007398.004834 write(3, "\302\2127\252?\1\240\371%\330\210Ksibw)>\353C\325\267n\227%\255\37\337G\343\356W"..., 36) = 36
1530007398.005077 clock_gettime(0x7 /* CLOCK_??? */, {2362870, 699797551}) = 0
1530007398.005250 clock_gettime(0x7 /* CLOCK_??? */, {2362870, 699969951}) = 0
1530007398.005504 select(7, [3 4], [], NULL, NULL) = 1 (in [3])
1530007398.005711 clock_gettime(0x7 /* CLOCK_??? */, {2362870, 700431998}) = 0
1530007398.005881 read(3, "\2144\356Y\240yi\275\236\2249\367U\274,o\325\231{\327\230\204\274ec\266\341\252\26\234\217i"..., 8192) = 36
1530007398.006076 clock_gettime(0x7 /* CLOCK_??? */, {2362870, 700796464}) = 0
1530007398.006246 clock_gettime(0x7 /* CLOCK_??? */, {2362870, 700965641}) = 0
1530007398.006446 select(7, [3 4], [5], NULL, NULL) = 1 (out [5])
1530007398.006632 clock_gettime(0x7 /* CLOCK_??? */, {2362870, 701351118}) = 0
1530007398.006799 write(5, "x", 1)      = 1
1530007398.007074 clock_gettime(0x7 /* CLOCK_??? */, {2362870, 701795832}) = 0
1530007398.007248 clock_gettime(0x7 /* CLOCK_??? */, {2362870, 701967785}) = 0
1530007398.007446 select(7, [3 4], [], NULL, NULL) = 1 (in [4])
1530007398.124091 clock_gettime(0x7 /* CLOCK_??? */, {2362870, 818794973}) = 0
1530007398.124192 read(4, "i", 16384)   = 1
1530007398.124306 clock_gettime(0x7 /* CLOCK_??? */, {2362870, 819007317}) = 0
1530007398.124402 clock_gettime(0x7 /* CLOCK_??? */, {2362870, 819101474}) = 0
1530007398.124494 select(7, [3 4], [3], NULL, NULL) = 1 (out [3])
1530007398.124595 clock_gettime(0x7 /* CLOCK_??? */, {2362870, 819293386}) = 0
1530007398.124684 write(3, "\367!\376\322\335\353\364gs\263L\357\345f\241t\252\246\363\260\355\327k\232\266\32%\227\221s\23\302"..., 36) = 36
1530007398.124934 clock_gettime(0x7 /* CLOCK_??? */, {2362870, 819638453}) = 0
1530007398.125043 clock_gettime(0x7 /* CLOCK_??? */, {2362870, 819742491}) = 0
1530007398.125135 select(7, [3 4], [], NULL, NULL) = 1 (in [3])
1530007398.125492 clock_gettime(0x7 /* CLOCK_??? */, {2362870, 820196492}) = 0
1530007398.125595 read(3, "\202A\6\204\213\275a\334\3631\213J\211\360I\334Ki\305\325p\237\310iJ\257\321\363\326\214\227\30"..., 8192) = 36
1530007398.125711 clock_gettime(0x7 /* CLOCK_??? */, {2362870, 820409716}) = 0
1530007398.125804 clock_gettime(0x7 /* CLOCK_??? */, {2362870, 820502985}) = 0
1530007398.125898 select(7, [3 4], [5], NULL, NULL) = 1 (out [5])
1530007398.126005 clock_gettime(0x7 /* CLOCK_??? */, {2362870, 820703821}) = 0
1530007398.126096 write(5, "i", 1)      = 1
1530007398.126250 clock_gettime(0x7 /* CLOCK_??? */, {2362870, 820952720}) = 0
1530007398.126373 clock_gettime(0x7 /* CLOCK_??? */, {2362870, 821077332}) = 0
1530007398.126472 select(7, [3 4], [], NULL, NULL) = 1 (in [4])
1530007398.234996 clock_gettime(0x7 /* CLOCK_??? */, {2362870, 929685597}) = 0
1530007398.235037 read(4, "t", 16384)   = 1
1530007398.235091 clock_gettime(0x7 /* CLOCK_??? */, {2362870, 929778215}) = 0
1530007398.235127 clock_gettime(0x7 /* CLOCK_??? */, {2362870, 929812264}) = 0
1530007398.235160 select(7, [3 4], [3], NULL, NULL) = 1 (out [3])
1530007398.235202 clock_gettime(0x7 /* CLOCK_??? */, {2362870, 929887425}) = 0
1530007398.235235 write(3, "\241\225\2216\n}\360KY?\315y\21\225|5\260\344\351D\365\237u\331\362xncO\332\345\360"..., 36) = 36
1530007398.235456 clock_gettime(0x7 /* CLOCK_??? */, {2362870, 930172536}) = 0
1530007398.235577 clock_gettime(0x7 /* CLOCK_??? */, {2362870, 930278101}) = 0
1530007398.235674 select(7, [3 4], [], NULL, NULL) = 1 (in [3])
1530007398.235878 clock_gettime(0x7 /* CLOCK_??? */, {2362870, 930564021}) = 0
1530007398.235912 read(3, "\216\305K\314\321\350e\245\3619\222\260\230j\341\273`\261m\200U\364Q\214\204t{A\233\331\375\342"..., 8192) = 36
1530007398.235962 clock_gettime(0x7 /* CLOCK_??? */, {2362870, 930671849}) = 0
1530007398.236022 clock_gettime(0x7 /* CLOCK_??? */, {2362870, 930707204}) = 0
1530007398.236055 select(7, [3 4], [5], NULL, NULL) = 1 (out [5])
1530007398.236096 clock_gettime(0x7 /* CLOCK_??? */, {2362870, 930780940}) = 0
1530007398.236128 write(5, "t", 1)      = 1
1530007398.236168 clock_gettime(0x7 /* CLOCK_??? */, {2362870, 930853727}) = 0
1530007398.236201 clock_gettime(0x7 /* CLOCK_??? */, {2362870, 930886388}) = 0
1530007398.236233 select(7, [3 4], [], NULL, NULL) = 1 (in [4])
1530007398.390144 clock_gettime(0x7 /* CLOCK_??? */, {2362871, 84850141}) = 0
1530007398.390255 read(4, "\r", 16384)  = 1
1530007398.390407 clock_gettime(0x7 /* CLOCK_??? */, {2362871, 85114465}) = 0
1530007398.390515 clock_gettime(0x7 /* CLOCK_??? */, {2362871, 85214116}) = 0
1530007398.390612 select(7, [3 4], [3], NULL, NULL) = 1 (out [3])
1530007398.390725 clock_gettime(0x7 /* CLOCK_??? */, {2362871, 85425592}) = 0
1530007398.390826 write(3, "\374\356\342^!\200ao!)Q\376Fo\207i\262dJ?\370\236\23U\0=\1y\2z\351\347"..., 36) = 36
1530007398.391019 clock_gettime(0x7 /* CLOCK_??? */, {2362871, 85718827}) = 0
1530007398.391121 clock_gettime(0x7 /* CLOCK_??? */, {2362871, 85821056}) = 0
1530007398.391220 select(7, [3 4], [], NULL, NULL) = 1 (in [3])
1530007398.394673 clock_gettime(0x7 /* CLOCK_??? */, {2362871, 89378359}) = 0
1530007398.394784 read(3, "a\3\356\301\16X\236\327JN 4\226\23>C\253\261\312\302\236\370A\375\202$\253\0\223\16\277\375"..., 8192) = 220
1530007398.394916 close(4)              = 0
1530007398.395030 clock_gettime(0x7 /* CLOCK_??? */, {2362871, 89732781}) = 0
1530007398.395135 clock_gettime(0x7 /* CLOCK_??? */, {2362871, 89837505}) = 0
1530007398.395239 select(7, [3], [5], NULL, NULL) = 1 (out [5])
1530007398.395367 clock_gettime(0x7 /* CLOCK_??? */, {2362871, 90075979}) = 0
1530007398.395475 write(5, "\r\n\347\231\273\345\207\272\r\n", 10) = 10
1530007398.395691 clock_gettime(0x7 /* CLOCK_??? */, {2362871, 90393521}) = 0
1530007398.395796 clock_gettime(0x7 /* CLOCK_??? */, {2362871, 90495830}) = 0
1530007398.395895 close(5)              = 0
1530007398.395990 ioctl(0, SNDCTL_TMR_STOP or SNDRV_TIMER_IOCTL_GINFO or TCSETSW, {B38400 opost isig icanon echo ...}) = 0
1530007398.396126 close(6)              = 0
1530007398.396223 select(7, [3], [3], NULL, NULL) = 1 (out [3])
1530007398.396350 clock_gettime(0x7 /* CLOCK_??? */, {2362871, 91051533}) = 0
1530007398.396475 write(3, "%\270\310G\373\242w\22\264{\361y\363$\363\303\346\10\216\374\311@\252'L2\313u\232\26\n\241"..., 36) = 36
1530007398.396608 rt_sigaction(SIGWINCH, NULL, {0x7f680ec48ba0, [], SA_RESTORER, 0x7f680d7b8250}, 8) = 0
1530007398.396715 rt_sigaction(SIGWINCH, {SIG_DFL, [], SA_RESTORER, 0x7f680d7b8250}, NULL, 8) = 0
1530007398.396825 write(3, "\257\227sY\266\242\374\375B\247+\261\214V\337\t\311'_\30c\247\310\220%\223\322\225|>\323\337"..., 60) = 60
1530007398.396947 ioctl(0, SNDCTL_TMR_TIMEBASE or SNDRV_TIMER_IOCTL_NEXT_DEVICE or TCGETS, {B38400 opost isig icanon echo ...}) = 0
1530007398.397081 ioctl(1, SNDCTL_TMR_TIMEBASE or SNDRV_TIMER_IOCTL_NEXT_DEVICE or TCGETS, {B38400 opost isig icanon echo ...}) = 0
1530007398.397180 ioctl(2, SNDCTL_TMR_TIMEBASE or SNDRV_TIMER_IOCTL_NEXT_DEVICE or TCGETS, {B38400 opost isig icanon echo ...}) = 0
1530007398.397284 write(2, "Connection to 172.16.100.61 clos"..., 37) = 37
1530007398.397395 shutdown(3, SHUT_RDWR) = 0
1530007398.397538 close(3)              = 0
1530007398.397712 exit_group(0)         = ?
1530007398.398115 +++ exited with 0 +++
