1530061118.551631 select(4, [3], NULL, NULL, NULL) = 1 (in [3])
1530061118.559088 read(3, "\0\0\6d\n\24x\310]=\343\341\23\255\252\205\370\301\251\337\253\33\0\0\0\324curve2"..., 8192) = 1640
1530061118.564882 write(3, "\0\0\0,\6\36\0\0\0 \310\322\363\257\363\345\341\242\230\273\332\212\367\237%\302J{\177\316d\351"..., 48) = 48
1530061118.565068 select(4, [3], NULL, NULL, NULL) = 1 (in [3])
1530061118.572061 read(3, "\0\0\1\4\v\37\0\0\0h\0\0\0\23ecdsa-sha2-nistp25"..., 8192) = 280
1530061118.572530 open("/root/.ssh/known_hosts", O_RDONLY) = 4
1530061118.572672 fstat(4, {st_mode=S_IFREG|0644, st_size=2928, ...}) = 0
1530061118.572766 mmap(NULL, 4096, PROT_READ|PROT_WRITE, MAP_PRIVATE|MAP_ANONYMOUS, -1, 0) = 0x7fb214de5000
1530061118.572867 read(4, "172.16.100.61 ecdsa-sha2-nistp25"..., 4096) = 2928
1530061118.573240 read(4, "", 4096)     = 0
1530061118.573334 close(4)              = 0
1530061118.573430 munmap(0x7fb214de5000, 4096) = 0
1530061118.573528 open("/root/.ssh/known_hosts2", O_RDONLY) = -1 ENOENT (No such file or directory)
1530061118.573637 open("/usr/local/ssh7/etc/ssh_known_hosts", O_RDONLY) = -1 ENOENT (No such file or directory)
1530061118.573818 open("/usr/local/ssh7/etc/ssh_known_hosts2", O_RDONLY) = -1 ENOENT (No such file or directory)
1530061118.580187 clock_gettime(0x7 /* CLOCK_??? */, {2416591, 274923033}) = 0
1530061118.580346 write(3, "\0\0\0\f\n\25\0\0\0\0\0\0\0\0\0\0", 16) = 16
1530061118.580530 write(3, "\255\247e\313D\274\342l\345\323\311\362m\25e\313\266\366\25\321T.\210\254v\236\372\312\257\\\223\220"..., 44) = 44
1530061118.580629 select(4, [3], NULL, NULL, NULL) = 1 (in [3])
1530061118.620537 read(3, "\27\347\270\\y(`\355?\21\265\344\262*\276P\36\265\311\234M\t[\310\0\322\320\2736o7\307"..., 8192) = 44
1530061118.620667 write(3, "\312\27\342E\374\222\365o\t?\277#\360\261\221\7L\244\"\346\16\375\35\365\211\351y\276\373\206s\232"..., 60) = 60
1530061118.620793 select(4, [3], NULL, NULL, NULL) = 1 (in [3])
1530061118.622539 read(3, "\351\2151$\271\367\266Z\322\17h\23/\272t\216K\202\0\272E\347\240!\266\352\340\22p\0047j"..., 8192) = 84
1530061118.622668 write(3, "\343\251=\266\250\177]GW\302\244X\304k*\266(\37\26\240E\27E\202>\364\341\325\34\n\332\331"..., 364) = 364
1530061118.622784 select(4, [3], NULL, NULL, NULL) = 1 (in [3])
1530061118.673559 read(3, "\2065\2T\370b\306\312r\272H\315\366\232\312\34\310\2i\30\362.hq\370\311~#\t*G\334"..., 8192) = 324
1530061118.673726 stat("/root/.ssh/id_rsa", {st_mode=S_IFREG|0600, st_size=1675, ...}) = 0
1530061118.673838 open("/root/.ssh/id_rsa", O_RDONLY) = 4
1530061118.673934 fstat(4, {st_mode=S_IFREG|0600, st_size=1675, ...}) = 0
1530061118.674026 getuid()              = 0
1530061118.674117 fstat(4, {st_mode=S_IFREG|0600, st_size=1675, ...}) = 0
1530061118.674209 read(4, "-----BEGIN RSA PRIVATE KEY-----\n"..., 1024) = 1024
1530061118.674303 read(4, "MjHwfPOB0QhMyZKdSKnu4uLV5m2rkbeb"..., 1024) = 651
1530061118.674422 read(4, "", 373)      = 0
1530061118.674573 read(4, "", 1024)     = 0
1530061118.676085 close(4)              = 0
1530061118.678878 write(3, "4!\"\257\231\370t9\17\235\234\322\253\310\266\37A\342\337\334\350\2571\367\272\5\23\227\370~\f\304"..., 636) = 636
1530061118.679026 select(4, [3], NULL, NULL, NULL) = 1 (in [3])
1530061118.687758 read(3, "`\243\204,,p\367be{\27\205%}\tB,\264R\377*%I\202{\260N\250", 8192) = 28
1530061118.687884 dup(0)                = 4
1530061118.687991 dup(1)                = 5
1530061118.688076 dup(2)                = 6
1530061118.688160 ioctl(4, SNDCTL_TMR_TIMEBASE or SNDRV_TIMER_IOCTL_NEXT_DEVICE or TCGETS, {B38400 opost isig icanon echo ...}) = 0
1530061118.688277 ioctl(5, SNDCTL_TMR_TIMEBASE or SNDRV_TIMER_IOCTL_NEXT_DEVICE or TCGETS, {B38400 opost isig icanon echo ...}) = 0
1530061118.688394 ioctl(6, SNDCTL_TMR_TIMEBASE or SNDRV_TIMER_IOCTL_NEXT_DEVICE or TCGETS, {B38400 opost isig icanon echo ...}) = 0
1530061118.688501 fcntl(4, F_SETFD, FD_CLOEXEC) = 0
1530061118.688587 fcntl(5, F_SETFD, FD_CLOEXEC) = 0
1530061118.688671 fcntl(6, F_SETFD, FD_CLOEXEC) = 0
1530061118.688782 rt_sigaction(SIGHUP, NULL, {SIG_DFL, [], 0}, 8) = 0
1530061118.688907 rt_sigaction(SIGHUP, {SIG_IGN, [], SA_RESTORER, 0x7fb21396e250}, NULL, 8) = 0
1530061118.689001 rt_sigaction(SIGHUP, NULL, {SIG_IGN, [], SA_RESTORER, 0x7fb21396e250}, 8) = 0
1530061118.689091 rt_sigaction(SIGHUP, {0x7fb214dfe910, [], SA_RESTORER, 0x7fb21396e250}, NULL, 8) = 0
1530061118.689181 rt_sigaction(SIGINT, NULL, {SIG_DFL, [], 0}, 8) = 0
1530061118.689269 rt_sigaction(SIGINT, {SIG_IGN, [], SA_RESTORER, 0x7fb21396e250}, NULL, 8) = 0
1530061118.689347 rt_sigaction(SIGINT, NULL, {SIG_IGN, [], SA_RESTORER, 0x7fb21396e250}, 8) = 0
1530061118.689442 rt_sigaction(SIGINT, {0x7fb214dfe910, [], SA_RESTORER, 0x7fb21396e250}, NULL, 8) = 0
1530061118.689531 rt_sigaction(SIGQUIT, NULL, {SIG_DFL, [], 0}, 8) = 0
1530061118.689619 rt_sigaction(SIGQUIT, {SIG_IGN, [], SA_RESTORER, 0x7fb21396e250}, NULL, 8) = 0
1530061118.689706 rt_sigaction(SIGQUIT, NULL, {SIG_IGN, [], SA_RESTORER, 0x7fb21396e250}, 8) = 0
1530061118.689794 rt_sigaction(SIGQUIT, {0x7fb214dfe910, [], SA_RESTORER, 0x7fb21396e250}, NULL, 8) = 0
1530061118.689881 rt_sigaction(SIGTERM, NULL, {SIG_DFL, [], 0}, 8) = 0
1530061118.689970 rt_sigaction(SIGTERM, {SIG_IGN, [], SA_RESTORER, 0x7fb21396e250}, NULL, 8) = 0
1530061118.690058 rt_sigaction(SIGTERM, NULL, {SIG_IGN, [], SA_RESTORER, 0x7fb21396e250}, 8) = 0
1530061118.690147 rt_sigaction(SIGTERM, {0x7fb214dfe910, [], SA_RESTORER, 0x7fb21396e250}, NULL, 8) = 0
1530061118.690236 rt_sigaction(SIGWINCH, NULL, {SIG_DFL, [], 0}, 8) = 0
1530061118.690338 rt_sigaction(SIGWINCH, {0x7fb214dfeba0, [], SA_RESTORER, 0x7fb21396e250}, NULL, 8) = 0
1530061118.690434 ioctl(0, SNDCTL_TMR_TIMEBASE or SNDRV_TIMER_IOCTL_NEXT_DEVICE or TCGETS, {B38400 opost isig icanon echo ...}) = 0
1530061118.690525 ioctl(0, SNDCTL_TMR_STOP or SNDRV_TIMER_IOCTL_GINFO or TCSETSW, {B38400 -opost -isig -icanon -echo ...}) = 0
1530061118.690621 clock_gettime(0x7 /* CLOCK_??? */, {2416591, 385320806}) = 0
1530061118.690718 clock_gettime(0x7 /* CLOCK_??? */, {2416591, 385416504}) = 0
1530061118.690808 select(7, [3], [3], NULL, NULL) = 1 (out [3])
1530061118.690907 clock_gettime(0x7 /* CLOCK_??? */, {2416591, 385606271}) = 0
1530061118.690999 write(3, "\210\36059\352\333\3\22)\32\247s\324\276\322\207\300_R\205\363\"\351&5{\244q,\321n\322"..., 112) = 112
1530061118.691131 clock_gettime(0x7 /* CLOCK_??? */, {2416591, 385829834}) = 0
1530061118.691222 clock_gettime(0x7 /* CLOCK_??? */, {2416591, 385920523}) = 0
1530061118.691312 select(7, [3], [], NULL, NULL) = 1 (in [3])
1530061119.081047 clock_gettime(0x7 /* CLOCK_??? */, {2416591, 775763974}) = 0
1530061119.081159 read(3, "xw5\227Ls\2178\255P\361\215\331\334 \226F\320X\317\17^\234<-\300\33,\352\376+\t"..., 8192) = 44
1530061119.081288 getsockopt(3, SOL_TCP, TCP_NODELAY, [0], [4]) = 0
1530061119.081449 setsockopt(3, SOL_TCP, TCP_NODELAY, [1], 4) = 0
1530061119.081542 getsockname(3, {sa_family=AF_INET, sin_port=htons(60196), sin_addr=inet_addr("172.16.100.60")}, [16]) = 0
1530061119.081662 setsockopt(3, SOL_IP, IP_TOS, [16], 4) = 0
1530061119.081756 ioctl(0, TIOCGWINSZ, {ws_row=21, ws_col=96, ws_xpixel=0, ws_ypixel=0}) = 0
1530061119.081900 clock_gettime(0x7 /* CLOCK_??? */, {2416591, 776600153}) = 0
1530061119.081994 clock_gettime(0x7 /* CLOCK_??? */, {2416591, 776694528}) = 0
1530061119.082087 select(7, [3], [3], NULL, NULL) = 1 (out [3])
1530061119.082189 clock_gettime(0x7 /* CLOCK_??? */, {2416591, 776888728}) = 0
1530061119.082287 write(3, "\263\276\304bh\215\253\377\0\372\7\251QM\327\22\374\333!\"\256\360e\317:$\305x\353\263\337U"..., 376) = 376
1530061119.082469 clock_gettime(0x7 /* CLOCK_??? */, {2416591, 777169364}) = 0
1530061119.082561 clock_gettime(0x7 /* CLOCK_??? */, {2416591, 777276291}) = 0
1530061119.082678 select(7, [3], [], NULL, NULL) = 1 (in [3])
1530061119.092656 clock_gettime(0x7 /* CLOCK_??? */, {2416591, 787365386}) = 0
1530061119.092869 read(3, "3[?\322s4Y=\22;\326\216\23O\313\362\332u\321\2776\244m\t\311\352?\3116h\315\375"..., 8192) = 108
1530061119.093016 clock_gettime(0x7 /* CLOCK_??? */, {2416591, 787720656}) = 0
1530061119.093116 clock_gettime(0x7 /* CLOCK_??? */, {2416591, 787838453}) = 0
1530061119.093236 select(7, [3 4], [], NULL, NULL) = 1 (in [3])
1530061119.102190 clock_gettime(0x7 /* CLOCK_??? */, {2416591, 796895162}) = 0
1530061119.102293 read(3, "\350\324aY%Q\3GP\251\202\242V\337\252|\6\315\222\303G\347D/\241\3C\253\310|\t\342"..., 8192) = 92
1530061119.102464 clock_gettime(0x7 /* CLOCK_??? */, {2416591, 797164468}) = 0
1530061119.102557 clock_gettime(0x7 /* CLOCK_??? */, {2416591, 797256415}) = 0
1530061119.102648 select(7, [3 4], [5], NULL, NULL) = 1 (out [5])
1530061119.102752 clock_gettime(0x7 /* CLOCK_??? */, {2416591, 797452540}) = 0
1530061119.102844 write(5, "Last login: Tue Jun  5 10:00:36 "..., 57) = 57
1530061119.102951 clock_gettime(0x7 /* CLOCK_??? */, {2416591, 797653266}) = 0
1530061119.103013 clock_gettime(0x7 /* CLOCK_??? */, {2416591, 797699890}) = 0
1530061119.103096 select(7, [3 4], [], NULL, NULL) = 1 (in [3])
1530061119.482387 clock_gettime(0x7 /* CLOCK_??? */, {2416592, 177092111}) = 0
1530061119.482490 read(3, "\251y\374\223\262\241\212\271\222\321\324'^X|lQ\260\274\3309\201\270\345\217\0)\322\203\16\257O"..., 8192) = 84
1530061119.482610 clock_gettime(0x7 /* CLOCK_??? */, {2416592, 177310001}) = 0
1530061119.482701 clock_gettime(0x7 /* CLOCK_??? */, {2416592, 177398787}) = 0
1530061119.482789 select(7, [3 4], [5], NULL, NULL) = 1 (out [5])
1530061119.482889 clock_gettime(0x7 /* CLOCK_??? */, {2416592, 177587404}) = 0
1530061119.482980 write(5, "\33]0;root@hadoop4:~\7\33[?1034h[root"..., 45) = 45
1530061119.483175 clock_gettime(0x7 /* CLOCK_??? */, {2416592, 177879143}) = 0
1530061119.483273 clock_gettime(0x7 /* CLOCK_??? */, {2416592, 177970596}) = 0
1530061119.483356 select(7, [3 4], [], NULL, NULL) = 1 (in [4])
1530061137.607762 clock_gettime(0x7 /* CLOCK_??? */, {2416610, 302468466}) = 0
1530061137.607870 read(4, "e", 16384)   = 1
1530061137.608001 clock_gettime(0x7 /* CLOCK_??? */, {2416610, 302703265}) = 0
1530061137.608098 clock_gettime(0x7 /* CLOCK_??? */, {2416610, 302797999}) = 0
1530061137.608193 select(7, [3 4], [3], NULL, NULL) = 1 (out [3])
1530061137.608297 clock_gettime(0x7 /* CLOCK_??? */, {2416610, 302997337}) = 0
1530061137.608398 write(3, "I\356]fM\340\222\266|\357L\31\24\2141U\321\30\330\333\373\331\366EM}\357\20\263\21\264\336"..., 36) = 36
1530061137.608539 clock_gettime(0x7 /* CLOCK_??? */, {2416610, 303235718}) = 0
1530061137.608623 clock_gettime(0x7 /* CLOCK_??? */, {2416610, 303319475}) = 0
1530061137.608706 select(7, [3 4], [], NULL, NULL) = 1 (in [3])
1530061137.610152 clock_gettime(0x7 /* CLOCK_??? */, {2416610, 304852712}) = 0
1530061137.610246 read(3, "\235\271\264\350\36g\20\310q\273\320i7Z+\250\fS\200P\226\24\247\344\270\234\253\230\2777\234\32"..., 8192) = 36
1530061137.610371 clock_gettime(0x7 /* CLOCK_??? */, {2416610, 305074057}) = 0
1530061137.610467 clock_gettime(0x7 /* CLOCK_??? */, {2416610, 305167365}) = 0
1530061137.610559 select(7, [3 4], [5], NULL, NULL) = 1 (out [5])
1530061137.610660 clock_gettime(0x7 /* CLOCK_??? */, {2416610, 305359936}) = 0
1530061137.610750 write(5, "e", 1)      = 1
1530061137.610937 clock_gettime(0x7 /* CLOCK_??? */, {2416610, 305637091}) = 0
1530061137.611030 clock_gettime(0x7 /* CLOCK_??? */, {2416610, 305729308}) = 0
1530061137.611121 select(7, [3 4], [], NULL, NULL) = 1 (in [4])
1530061137.862094 clock_gettime(0x7 /* CLOCK_??? */, {2416610, 556798376}) = 0
1530061137.862198 read(4, "x", 16384)   = 1
1530061137.862319 clock_gettime(0x7 /* CLOCK_??? */, {2416610, 557038549}) = 0
1530061137.862432 clock_gettime(0x7 /* CLOCK_??? */, {2416610, 557130592}) = 0
1530061137.862522 select(7, [3 4], [3], NULL, NULL) = 1 (out [3])
1530061137.862623 clock_gettime(0x7 /* CLOCK_??? */, {2416610, 557320803}) = 0
1530061137.862711 write(3, "9\331 Jo\vjA\303w\20\244\34\222\371\312\311\304\327\304\335{\31\275\365\337\265\356\253\234X\346"..., 36) = 36
1530061137.862888 clock_gettime(0x7 /* CLOCK_??? */, {2416610, 557585845}) = 0
1530061137.862976 clock_gettime(0x7 /* CLOCK_??? */, {2416610, 557673680}) = 0
1530061137.863065 select(7, [3 4], [], NULL, NULL) = 1 (in [3])
1530061137.863348 clock_gettime(0x7 /* CLOCK_??? */, {2416610, 558089834}) = 0
1530061137.863490 read(3, "\332\360\244\244T\2722\n\214\275w\334\306\257*\33\0373\204\tc\245\33\251\5\213\204\315\304P\224\341"..., 8192) = 36
1530061137.863603 clock_gettime(0x7 /* CLOCK_??? */, {2416610, 558302974}) = 0
1530061137.863694 clock_gettime(0x7 /* CLOCK_??? */, {2416610, 558392142}) = 0
1530061137.863783 select(7, [3 4], [5], NULL, NULL) = 1 (out [5])
1530061137.863884 clock_gettime(0x7 /* CLOCK_??? */, {2416610, 558582179}) = 0
1530061137.863972 write(5, "x", 1)      = 1
1530061137.864130 clock_gettime(0x7 /* CLOCK_??? */, {2416610, 558835620}) = 0
1530061137.864230 clock_gettime(0x7 /* CLOCK_??? */, {2416610, 558928768}) = 0
1530061137.864321 select(7, [3 4], [], NULL, NULL) = 1 (in [4])
1530061137.947504 clock_gettime(0x7 /* CLOCK_??? */, {2416610, 642208828}) = 0
1530061137.947612 read(4, "i", 16384)   = 1
1530061137.947731 clock_gettime(0x7 /* CLOCK_??? */, {2416610, 642430756}) = 0
1530061137.947828 clock_gettime(0x7 /* CLOCK_??? */, {2416610, 642527301}) = 0
1530061137.947923 select(7, [3 4], [3], NULL, NULL) = 1 (out [3])
1530061137.948030 clock_gettime(0x7 /* CLOCK_??? */, {2416610, 642730674}) = 0
1530061137.948127 write(3, "\31\360s'\377Ca\v\256\277\26\fZ\317\227z\33\25\341\224\217f}!>1o\345\221s\224l"..., 36) = 36
1530061137.948296 clock_gettime(0x7 /* CLOCK_??? */, {2416610, 642996326}) = 0
1530061137.948412 clock_gettime(0x7 /* CLOCK_??? */, {2416610, 643112258}) = 0
1530061137.948510 select(7, [3 4], [], NULL, NULL) = 1 (in [3])
1530061137.948701 clock_gettime(0x7 /* CLOCK_??? */, {2416610, 643402195}) = 0
1530061137.948800 read(3, "I*\346\267\257?\375\325\f#iF\270\314cB\316|\23\271\354\320\200J\353\363\206\336\231\33\3\263"..., 8192) = 36
1530061137.948914 clock_gettime(0x7 /* CLOCK_??? */, {2416610, 643614438}) = 0
1530061137.949014 clock_gettime(0x7 /* CLOCK_??? */, {2416610, 643713446}) = 0
1530061137.949109 select(7, [3 4], [5], NULL, NULL) = 1 (out [5])
1530061137.949211 clock_gettime(0x7 /* CLOCK_??? */, {2416610, 643910122}) = 0
1530061137.949304 write(5, "i", 1)      = 1
1530061137.949495 clock_gettime(0x7 /* CLOCK_??? */, {2416610, 644248215}) = 0
1530061137.949633 clock_gettime(0x7 /* CLOCK_??? */, {2416610, 644321676}) = 0
1530061137.949768 select(7, [3 4], [], NULL, NULL) = 1 (in [4])
1530061138.076730 clock_gettime(0x7 /* CLOCK_??? */, {2416610, 771431622}) = 0
1530061138.076824 read(4, "t", 16384)   = 1
1530061138.076928 clock_gettime(0x7 /* CLOCK_??? */, {2416610, 771644482}) = 0
1530061138.077051 clock_gettime(0x7 /* CLOCK_??? */, {2416610, 771740982}) = 0
1530061138.077134 select(7, [3 4], [3], NULL, NULL) = 1 (out [3])
1530061138.077256 clock_gettime(0x7 /* CLOCK_??? */, {2416610, 771956318}) = 0
1530061138.077373 write(3, "afQ\234/e\3036t\250'\22\350\37\225\304\244\374(\33\332\313\311\274\361\\\343\25F?\314\0"..., 36) = 36
1530061138.077552 clock_gettime(0x7 /* CLOCK_??? */, {2416610, 772252229}) = 0
1530061138.077647 clock_gettime(0x7 /* CLOCK_??? */, {2416610, 772345184}) = 0
1530061138.077737 select(7, [3 4], [], NULL, NULL) = 1 (in [3])
1530061138.077985 clock_gettime(0x7 /* CLOCK_??? */, {2416610, 772683790}) = 0
1530061138.078078 read(3, "[[\355\336\305\205`\37T\372\247\240\361s \216\270g\346|\371\7DMm\377M\v\266Rq\34"..., 8192) = 36
1530061138.078188 clock_gettime(0x7 /* CLOCK_??? */, {2416610, 772886873}) = 0
1530061138.078281 clock_gettime(0x7 /* CLOCK_??? */, {2416610, 772979727}) = 0
1530061138.078402 select(7, [3 4], [5], NULL, NULL) = 1 (out [5])
1530061138.078504 clock_gettime(0x7 /* CLOCK_??? */, {2416610, 773202960}) = 0
1530061138.078597 write(5, "t", 1)      = 1
1530061138.078771 clock_gettime(0x7 /* CLOCK_??? */, {2416610, 773505305}) = 0
1530061138.078960 clock_gettime(0x7 /* CLOCK_??? */, {2416610, 773677392}) = 0
1530061138.079112 select(7, [3 4], [], NULL, NULL) = 1 (in [4])
1530061138.213483 clock_gettime(0x7 /* CLOCK_??? */, {2416610, 908171310}) = 0
1530061138.213522 read(4, "\r", 16384)  = 1
1530061138.213575 clock_gettime(0x7 /* CLOCK_??? */, {2416610, 908261209}) = 0
1530061138.213609 clock_gettime(0x7 /* CLOCK_??? */, {2416610, 908311300}) = 0
1530061138.213661 select(7, [3 4], [3], NULL, NULL) = 1 (out [3])
1530061138.213704 clock_gettime(0x7 /* CLOCK_??? */, {2416610, 908389060}) = 0
1530061138.213736 write(3, "\237\365\376\353\224\335jH\320\226\266\203\241\324\32\5\31\23A;\243.\330\377\241\201\224G\233Ra\37"..., 36) = 36
1530061138.213819 clock_gettime(0x7 /* CLOCK_??? */, {2416610, 908504955}) = 0
1530061138.213854 clock_gettime(0x7 /* CLOCK_??? */, {2416610, 908539051}) = 0
1530061138.213886 select(7, [3 4], [], NULL, NULL) = 1 (in [3])
1530061138.217676 clock_gettime(0x7 /* CLOCK_??? */, {2416610, 912362013}) = 0
1530061138.217709 read(3, "%\315U\3424\\$G\323\327\326d\224\17J\204{5\200\307\301\325U\"k\226\vi\23\262\34\16"..., 8192) = 44
1530061138.217758 clock_gettime(0x7 /* CLOCK_??? */, {2416610, 912444088}) = 0
1530061138.217791 clock_gettime(0x7 /* CLOCK_??? */, {2416610, 912476025}) = 0
1530061138.217822 select(7, [3 4], [5], NULL, NULL) = 1 (out [5])
1530061138.217861 clock_gettime(0x7 /* CLOCK_??? */, {2416610, 912546367}) = 0
1530061138.217892 write(5, "\r\n\347\231\273\345\207\272\r\n", 10) = 10
1530061138.217931 clock_gettime(0x7 /* CLOCK_??? */, {2416610, 912616018}) = 0
1530061138.217963 clock_gettime(0x7 /* CLOCK_??? */, {2416610, 912647928}) = 0
1530061138.217994 select(7, [3 4], [], NULL, NULL) = 1 (in [3])
1530061138.235652 clock_gettime(0x7 /* CLOCK_??? */, {2416610, 930340935}) = 0
1530061138.235692 read(3, "\244\272z\302\34\274\336\0015^\333vx\255c\226;\21\204\227\275;GO\370|\225j\226\t\224F"..., 8192) = 176
1530061138.235753 close(4)              = 0
1530061138.235791 close(5)              = 0
1530061138.235826 clock_gettime(0x7 /* CLOCK_??? */, {2416610, 930511456}) = 0
1530061138.235859 clock_gettime(0x7 /* CLOCK_??? */, {2416610, 930544528}) = 0
1530061138.235893 ioctl(0, SNDCTL_TMR_STOP or SNDRV_TIMER_IOCTL_GINFO or TCSETSW, {B38400 opost isig icanon echo ...}) = 0
1530061138.235961 close(6)              = 0
1530061138.235996 select(7, [3], [3], NULL, NULL) = 1 (out [3])
1530061138.236037 clock_gettime(0x7 /* CLOCK_??? */, {2416610, 930722315}) = 0
1530061138.236069 write(3, "\356\342\37\305\4\16=\305\337X\33T\261\232\f\21K\316\327\20{Wp8\256$h\370\361Y=\6"..., 36) = 36
1530061138.236153 rt_sigaction(SIGWINCH, NULL, {0x7fb214dfeba0, [], SA_RESTORER, 0x7fb21396e250}, 8) = 0
1530061138.236193 rt_sigaction(SIGWINCH, {SIG_DFL, [], SA_RESTORER, 0x7fb21396e250}, NULL, 8) = 0
1530061138.236236 write(3, "\255\333bT\262\241\350\4\210n\326\260\17\352[\24\217\347\350\345\326\224\273G\20\3\360\254\355\267\t\257"..., 60) = 60
1530061138.236294 ioctl(0, SNDCTL_TMR_TIMEBASE or SNDRV_TIMER_IOCTL_NEXT_DEVICE or TCGETS, {B38400 opost isig icanon echo ...}) = 0
1530061138.236364 ioctl(1, SNDCTL_TMR_TIMEBASE or SNDRV_TIMER_IOCTL_NEXT_DEVICE or TCGETS, {B38400 opost isig icanon echo ...}) = 0
1530061138.236405 ioctl(2, SNDCTL_TMR_TIMEBASE or SNDRV_TIMER_IOCTL_NEXT_DEVICE or TCGETS, {B38400 opost isig icanon echo ...}) = 0
1530061138.236442 write(2, "Connection to 172.16.100.63 clos"..., 37) = 37
1530061138.236489 shutdown(3, SHUT_RDWR) = 0
1530061138.236548 close(3)              = 0
1530061138.236661 exit_group(0)         = ?
1530061138.237103 +++ exited with 0 +++
